[DEBUG] 2022-07-17 12:21:53.086 [main] InternalLoggerFactory - Using Log4J2 as the default logging framework
[DEBUG] 2022-07-17 12:21:53.113 [main] ResourceLeakDetector - -Dio.netty.leakDetection.level: simple
[DEBUG] 2022-07-17 12:21:53.113 [main] ResourceLeakDetector - -Dio.netty.leakDetection.targetRecords: 4
[DEBUG] 2022-07-17 12:21:53.120 [main] ResourceLeakDetectorFactory - Loaded default ResourceLeakDetector: io.netty.util.ResourceLeakDetector@34acbc60
[DEBUG] 2022-07-17 12:21:53.154 [main] PlatformDependent0 - -Dio.netty.noUnsafe: false
[DEBUG] 2022-07-17 12:21:53.154 [main] PlatformDependent0 - Java version: 17
[DEBUG] 2022-07-17 12:21:53.157 [main] PlatformDependent0 - sun.misc.Unsafe.theUnsafe: available
[DEBUG] 2022-07-17 12:21:53.159 [main] PlatformDependent0 - sun.misc.Unsafe.copyMemory: available
[DEBUG] 2022-07-17 12:21:53.159 [main] PlatformDependent0 - sun.misc.Unsafe.storeFence: available
[DEBUG] 2022-07-17 12:21:53.161 [main] PlatformDependent0 - java.nio.Buffer.address: available
[DEBUG] 2022-07-17 12:21:53.162 [main] PlatformDependent0 - direct buffer constructor: unavailable
java.lang.UnsupportedOperationException: Reflective setAccessible(true) disabled
	at io.netty.util.internal.ReflectionUtil.trySetAccessible(ReflectionUtil.java:31) ~[netty-common-4.1.77.Final.jar:4.1.77.Final]
	at io.netty.util.internal.PlatformDependent0$5.run(PlatformDependent0.java:287) ~[netty-common-4.1.77.Final.jar:4.1.77.Final]
	at java.security.AccessController.doPrivileged(AccessController.java:318) ~[?:?]
	at io.netty.util.internal.PlatformDependent0.<clinit>(PlatformDependent0.java:281) ~[netty-common-4.1.77.Final.jar:4.1.77.Final]
	at io.netty.util.internal.PlatformDependent.isAndroid(PlatformDependent.java:294) ~[netty-common-4.1.77.Final.jar:4.1.77.Final]
	at io.netty.util.internal.PlatformDependent.<clinit>(PlatformDependent.java:88) ~[netty-common-4.1.77.Final.jar:4.1.77.Final]
	at io.netty.util.HashedWheelTimer.<init>(HashedWheelTimer.java:114) ~[netty-common-4.1.77.Final.jar:4.1.77.Final]
	at io.netty.util.HashedWheelTimer.<init>(HashedWheelTimer.java:251) ~[netty-common-4.1.77.Final.jar:4.1.77.Final]
	at io.netty.util.HashedWheelTimer.<init>(HashedWheelTimer.java:224) ~[netty-common-4.1.77.Final.jar:4.1.77.Final]
	at io.netty.util.HashedWheelTimer.<init>(HashedWheelTimer.java:203) ~[netty-common-4.1.77.Final.jar:4.1.77.Final]
	at org.asynchttpclient.DefaultAsyncHttpClient.newNettyTimer(DefaultAsyncHttpClient.java:111) ~[async-http-client-2.12.3.jar:?]
	at org.asynchttpclient.DefaultAsyncHttpClient.<init>(DefaultAsyncHttpClient.java:90) ~[async-http-client-2.12.3.jar:?]
	at org.asynchttpclient.Dsl.asyncHttpClient(Dsl.java:32) ~[async-http-client-2.12.3.jar:?]
	at org.openqa.selenium.remote.http.netty.NettyClient.createHttpClient(NettyClient.java:93) ~[selenium-remote-driver-4.2.2.jar:?]
	at org.openqa.selenium.remote.http.netty.NettyClient.<clinit>(NettyClient.java:47) ~[selenium-remote-driver-4.2.2.jar:?]
	at org.openqa.selenium.remote.http.netty.NettyClient$Factory.createClient(NettyClient.java:134) ~[selenium-remote-driver-4.2.2.jar:?]
	at org.openqa.selenium.remote.HttpCommandExecutor.<init>(HttpCommandExecutor.java:107) ~[selenium-remote-driver-4.2.2.jar:?]
	at org.openqa.selenium.remote.HttpCommandExecutor.<init>(HttpCommandExecutor.java:94) ~[selenium-remote-driver-4.2.2.jar:?]
	at org.openqa.selenium.remote.HttpCommandExecutor.<init>(HttpCommandExecutor.java:85) ~[selenium-remote-driver-4.2.2.jar:?]
	at org.openqa.selenium.remote.service.DriverCommandExecutor.<init>(DriverCommandExecutor.java:80) ~[selenium-remote-driver-4.2.2.jar:?]
	at org.openqa.selenium.chromium.ChromiumDriverCommandExecutor.<init>(ChromiumDriverCommandExecutor.java:35) ~[selenium-chromium-driver-4.2.2.jar:?]
	at org.openqa.selenium.chrome.ChromeDriver$ChromeDriverCommandExecutor.<init>(ChromeDriver.java:118) ~[selenium-chrome-driver-4.2.2.jar:?]
	at org.openqa.selenium.chrome.ChromeDriver.<init>(ChromeDriver.java:106) ~[selenium-chrome-driver-4.2.2.jar:?]
	at org.openqa.selenium.chrome.ChromeDriver.<init>(ChromeDriver.java:93) ~[selenium-chrome-driver-4.2.2.jar:?]
	at org.openqa.selenium.chrome.ChromeDriver.<init>(ChromeDriver.java:48) ~[selenium-chrome-driver-4.2.2.jar:?]
	at Test.GoogleSearchPageText_TestNG2.SetUpTest(GoogleSearchPageText_TestNG2.java:24) ~[test-classes/:?]
	at jdk.internal.reflect.NativeMethodAccessorImpl.invoke0(Native Method) ~[?:?]
	at jdk.internal.reflect.NativeMethodAccessorImpl.invoke(NativeMethodAccessorImpl.java:77) ~[?:?]
	at jdk.internal.reflect.DelegatingMethodAccessorImpl.invoke(DelegatingMethodAccessorImpl.java:43) ~[?:?]
	at java.lang.reflect.Method.invoke(Method.java:568) ~[?:?]
	at org.testng.internal.MethodInvocationHelper.invokeMethod(MethodInvocationHelper.java:133) ~[org.testng_7.4.0.r202105021533.jar:7.4.0]
	at org.testng.internal.MethodInvocationHelper.invokeMethodConsideringTimeout(MethodInvocationHelper.java:62) ~[org.testng_7.4.0.r202105021533.jar:7.4.0]
	at org.testng.internal.ConfigInvoker.invokeConfigurationMethod(ConfigInvoker.java:385) ~[org.testng_7.4.0.r202105021533.jar:7.4.0]
	at org.testng.internal.ConfigInvoker.invokeConfigurations(ConfigInvoker.java:321) ~[org.testng_7.4.0.r202105021533.jar:7.4.0]
	at org.testng.TestRunner.invokeTestConfigurations(TestRunner.java:637) ~[org.testng_7.4.0.r202105021533.jar:7.4.0]
	at org.testng.TestRunner.beforeRun(TestRunner.java:627) ~[org.testng_7.4.0.r202105021533.jar:7.4.0]
	at org.testng.TestRunner.run(TestRunner.java:589) ~[org.testng_7.4.0.r202105021533.jar:7.4.0]
	at org.testng.SuiteRunner.runTest(SuiteRunner.java:377) ~[org.testng_7.4.0.r202105021533.jar:7.4.0]
	at org.testng.SuiteRunner.runSequentially(SuiteRunner.java:371) ~[org.testng_7.4.0.r202105021533.jar:7.4.0]
	at org.testng.SuiteRunner.privateRun(SuiteRunner.java:332) ~[org.testng_7.4.0.r202105021533.jar:7.4.0]
	at org.testng.SuiteRunner.run(SuiteRunner.java:276) ~[org.testng_7.4.0.r202105021533.jar:7.4.0]
	at org.testng.SuiteRunnerWorker.runSuite(SuiteRunnerWorker.java:53) ~[org.testng_7.4.0.r202105021533.jar:7.4.0]
	at org.testng.SuiteRunnerWorker.run(SuiteRunnerWorker.java:96) ~[org.testng_7.4.0.r202105021533.jar:7.4.0]
	at org.testng.TestNG.runSuitesSequentially(TestNG.java:1212) ~[org.testng_7.4.0.r202105021533.jar:7.4.0]
	at org.testng.TestNG.runSuitesLocally(TestNG.java:1134) ~[org.testng_7.4.0.r202105021533.jar:7.4.0]
	at org.testng.TestNG.runSuites(TestNG.java:1063) ~[org.testng_7.4.0.r202105021533.jar:7.4.0]
	at org.testng.TestNG.run(TestNG.java:1031) ~[org.testng_7.4.0.r202105021533.jar:7.4.0]
	at org.testng.remote.AbstractRemoteTestNG.run(AbstractRemoteTestNG.java:115) ~[testng-remote.jar:?]
	at org.testng.remote.RemoteTestNG.initAndRun(RemoteTestNG.java:251) ~[testng-remote.jar:?]
	at org.testng.remote.RemoteTestNG.main(RemoteTestNG.java:77) ~[testng-remote.jar:?]
[DEBUG] 2022-07-17 12:21:53.176 [main] PlatformDependent0 - java.nio.Bits.unaligned: available, true
[DEBUG] 2022-07-17 12:21:53.177 [main] PlatformDependent0 - jdk.internal.misc.Unsafe.allocateUninitializedArray(int): unavailable
java.lang.IllegalAccessException: class io.netty.util.internal.PlatformDependent0$7 cannot access class jdk.internal.misc.Unsafe (in module java.base) because module java.base does not export jdk.internal.misc to unnamed module @531be3c5
	at jdk.internal.reflect.Reflection.newIllegalAccessException(Reflection.java:392) ~[?:?]
	at java.lang.reflect.AccessibleObject.checkAccess(AccessibleObject.java:674) ~[?:?]
	at java.lang.reflect.Method.invoke(Method.java:560) ~[?:?]
	at io.netty.util.internal.PlatformDependent0$7.run(PlatformDependent0.java:409) ~[netty-common-4.1.77.Final.jar:4.1.77.Final]
	at java.security.AccessController.doPrivileged(AccessController.java:318) ~[?:?]
	at io.netty.util.internal.PlatformDependent0.<clinit>(PlatformDependent0.java:400) ~[netty-common-4.1.77.Final.jar:4.1.77.Final]
	at io.netty.util.internal.PlatformDependent.isAndroid(PlatformDependent.java:294) ~[netty-common-4.1.77.Final.jar:4.1.77.Final]
	at io.netty.util.internal.PlatformDependent.<clinit>(PlatformDependent.java:88) ~[netty-common-4.1.77.Final.jar:4.1.77.Final]
	at io.netty.util.HashedWheelTimer.<init>(HashedWheelTimer.java:114) ~[netty-common-4.1.77.Final.jar:4.1.77.Final]
	at io.netty.util.HashedWheelTimer.<init>(HashedWheelTimer.java:251) ~[netty-common-4.1.77.Final.jar:4.1.77.Final]
	at io.netty.util.HashedWheelTimer.<init>(HashedWheelTimer.java:224) ~[netty-common-4.1.77.Final.jar:4.1.77.Final]
	at io.netty.util.HashedWheelTimer.<init>(HashedWheelTimer.java:203) ~[netty-common-4.1.77.Final.jar:4.1.77.Final]
	at org.asynchttpclient.DefaultAsyncHttpClient.newNettyTimer(DefaultAsyncHttpClient.java:111) ~[async-http-client-2.12.3.jar:?]
	at org.asynchttpclient.DefaultAsyncHttpClient.<init>(DefaultAsyncHttpClient.java:90) ~[async-http-client-2.12.3.jar:?]
	at org.asynchttpclient.Dsl.asyncHttpClient(Dsl.java:32) ~[async-http-client-2.12.3.jar:?]
	at org.openqa.selenium.remote.http.netty.NettyClient.createHttpClient(NettyClient.java:93) ~[selenium-remote-driver-4.2.2.jar:?]
	at org.openqa.selenium.remote.http.netty.NettyClient.<clinit>(NettyClient.java:47) ~[selenium-remote-driver-4.2.2.jar:?]
	at org.openqa.selenium.remote.http.netty.NettyClient$Factory.createClient(NettyClient.java:134) ~[selenium-remote-driver-4.2.2.jar:?]
	at org.openqa.selenium.remote.HttpCommandExecutor.<init>(HttpCommandExecutor.java:107) ~[selenium-remote-driver-4.2.2.jar:?]
	at org.openqa.selenium.remote.HttpCommandExecutor.<init>(HttpCommandExecutor.java:94) ~[selenium-remote-driver-4.2.2.jar:?]
	at org.openqa.selenium.remote.HttpCommandExecutor.<init>(HttpCommandExecutor.java:85) ~[selenium-remote-driver-4.2.2.jar:?]
	at org.openqa.selenium.remote.service.DriverCommandExecutor.<init>(DriverCommandExecutor.java:80) ~[selenium-remote-driver-4.2.2.jar:?]
	at org.openqa.selenium.chromium.ChromiumDriverCommandExecutor.<init>(ChromiumDriverCommandExecutor.java:35) ~[selenium-chromium-driver-4.2.2.jar:?]
	at org.openqa.selenium.chrome.ChromeDriver$ChromeDriverCommandExecutor.<init>(ChromeDriver.java:118) ~[selenium-chrome-driver-4.2.2.jar:?]
	at org.openqa.selenium.chrome.ChromeDriver.<init>(ChromeDriver.java:106) ~[selenium-chrome-driver-4.2.2.jar:?]
	at org.openqa.selenium.chrome.ChromeDriver.<init>(ChromeDriver.java:93) ~[selenium-chrome-driver-4.2.2.jar:?]
	at org.openqa.selenium.chrome.ChromeDriver.<init>(ChromeDriver.java:48) ~[selenium-chrome-driver-4.2.2.jar:?]
	at Test.GoogleSearchPageText_TestNG2.SetUpTest(GoogleSearchPageText_TestNG2.java:24) ~[test-classes/:?]
	at jdk.internal.reflect.NativeMethodAccessorImpl.invoke0(Native Method) ~[?:?]
	at jdk.internal.reflect.NativeMethodAccessorImpl.invoke(NativeMethodAccessorImpl.java:77) ~[?:?]
	at jdk.internal.reflect.DelegatingMethodAccessorImpl.invoke(DelegatingMethodAccessorImpl.java:43) ~[?:?]
	at java.lang.reflect.Method.invoke(Method.java:568) ~[?:?]
	at org.testng.internal.MethodInvocationHelper.invokeMethod(MethodInvocationHelper.java:133) ~[org.testng_7.4.0.r202105021533.jar:7.4.0]
	at org.testng.internal.MethodInvocationHelper.invokeMethodConsideringTimeout(MethodInvocationHelper.java:62) ~[org.testng_7.4.0.r202105021533.jar:7.4.0]
	at org.testng.internal.ConfigInvoker.invokeConfigurationMethod(ConfigInvoker.java:385) ~[org.testng_7.4.0.r202105021533.jar:7.4.0]
	at org.testng.internal.ConfigInvoker.invokeConfigurations(ConfigInvoker.java:321) ~[org.testng_7.4.0.r202105021533.jar:7.4.0]
	at org.testng.TestRunner.invokeTestConfigurations(TestRunner.java:637) ~[org.testng_7.4.0.r202105021533.jar:7.4.0]
	at org.testng.TestRunner.beforeRun(TestRunner.java:627) ~[org.testng_7.4.0.r202105021533.jar:7.4.0]
	at org.testng.TestRunner.run(TestRunner.java:589) ~[org.testng_7.4.0.r202105021533.jar:7.4.0]
	at org.testng.SuiteRunner.runTest(SuiteRunner.java:377) ~[org.testng_7.4.0.r202105021533.jar:7.4.0]
	at org.testng.SuiteRunner.runSequentially(SuiteRunner.java:371) ~[org.testng_7.4.0.r202105021533.jar:7.4.0]
	at org.testng.SuiteRunner.privateRun(SuiteRunner.java:332) ~[org.testng_7.4.0.r202105021533.jar:7.4.0]
	at org.testng.SuiteRunner.run(SuiteRunner.java:276) ~[org.testng_7.4.0.r202105021533.jar:7.4.0]
	at org.testng.SuiteRunnerWorker.runSuite(SuiteRunnerWorker.java:53) ~[org.testng_7.4.0.r202105021533.jar:7.4.0]
	at org.testng.SuiteRunnerWorker.run(SuiteRunnerWorker.java:96) ~[org.testng_7.4.0.r202105021533.jar:7.4.0]
	at org.testng.TestNG.runSuitesSequentially(TestNG.java:1212) ~[org.testng_7.4.0.r202105021533.jar:7.4.0]
	at org.testng.TestNG.runSuitesLocally(TestNG.java:1134) ~[org.testng_7.4.0.r202105021533.jar:7.4.0]
	at org.testng.TestNG.runSuites(TestNG.java:1063) ~[org.testng_7.4.0.r202105021533.jar:7.4.0]
	at org.testng.TestNG.run(TestNG.java:1031) ~[org.testng_7.4.0.r202105021533.jar:7.4.0]
	at org.testng.remote.AbstractRemoteTestNG.run(AbstractRemoteTestNG.java:115) ~[testng-remote.jar:?]
	at org.testng.remote.RemoteTestNG.initAndRun(RemoteTestNG.java:251) ~[testng-remote.jar:?]
	at org.testng.remote.RemoteTestNG.main(RemoteTestNG.java:77) ~[testng-remote.jar:?]
[DEBUG] 2022-07-17 12:21:53.182 [main] PlatformDependent0 - java.nio.DirectByteBuffer.<init>(long, int): unavailable
[DEBUG] 2022-07-17 12:21:53.183 [main] PlatformDependent - sun.misc.Unsafe: available
[DEBUG] 2022-07-17 12:21:53.183 [main] PlatformDependent - maxDirectMemory: 2116026368 bytes (maybe)
[DEBUG] 2022-07-17 12:21:53.184 [main] PlatformDependent - -Dio.netty.tmpdir: C:\Users\hp\AppData\Local\Temp (java.io.tmpdir)
[DEBUG] 2022-07-17 12:21:53.184 [main] PlatformDependent - -Dio.netty.bitMode: 64 (sun.arch.data.model)
[DEBUG] 2022-07-17 12:21:53.184 [main] PlatformDependent - Platform: Windows
[DEBUG] 2022-07-17 12:21:53.186 [main] PlatformDependent - -Dio.netty.maxDirectMemory: -1 bytes
[DEBUG] 2022-07-17 12:21:53.186 [main] PlatformDependent - -Dio.netty.uninitializedArrayAllocationThreshold: -1
[DEBUG] 2022-07-17 12:21:53.188 [main] CleanerJava9 - java.nio.ByteBuffer.cleaner(): available
[DEBUG] 2022-07-17 12:21:53.188 [main] PlatformDependent - -Dio.netty.noPreferDirect: false
[DEBUG] 2022-07-17 12:21:53.201 [main] PlatformDependent - org.jctools-core.MpscChunkedArrayQueue: available
[DEBUG] 2022-07-17 12:21:53.243 [main] InternalThreadLocalMap - -Dio.netty.threadLocalMap.stringBuilder.initialSize: 1024
[DEBUG] 2022-07-17 12:21:53.243 [main] InternalThreadLocalMap - -Dio.netty.threadLocalMap.stringBuilder.maxSize: 4096
[DEBUG] 2022-07-17 12:21:53.272 [main] JdkSslContext - Default protocols (JDK): [TLSv1.3, TLSv1.2] 
[DEBUG] 2022-07-17 12:21:53.272 [main] JdkSslContext - Default cipher suites (JDK): [TLS_ECDHE_ECDSA_WITH_AES_256_GCM_SHA384, TLS_ECDHE_ECDSA_WITH_AES_128_GCM_SHA256, TLS_ECDHE_RSA_WITH_AES_128_GCM_SHA256, TLS_ECDHE_RSA_WITH_AES_256_GCM_SHA384, TLS_ECDHE_RSA_WITH_AES_128_CBC_SHA, TLS_ECDHE_RSA_WITH_AES_256_CBC_SHA, TLS_RSA_WITH_AES_128_GCM_SHA256, TLS_RSA_WITH_AES_128_CBC_SHA, TLS_RSA_WITH_AES_256_CBC_SHA, TLS_AES_128_GCM_SHA256, TLS_AES_256_GCM_SHA384]
[DEBUG] 2022-07-17 12:21:53.325 [main] MultithreadEventLoopGroup - -Dio.netty.eventLoopThreads: 8
[DEBUG] 2022-07-17 12:21:53.341 [main] NioEventLoop - -Dio.netty.noKeySetOptimization: false
[DEBUG] 2022-07-17 12:21:53.342 [main] NioEventLoop - -Dio.netty.selectorAutoRebuildThreshold: 512
[TRACE] 2022-07-17 12:21:53.376 [main] NioEventLoop - instrumented a special java.util.Set into: sun.nio.ch.WEPollSelectorImpl@53f4c1e6
[TRACE] 2022-07-17 12:21:53.379 [main] NioEventLoop - instrumented a special java.util.Set into: sun.nio.ch.WEPollSelectorImpl@36c2b646
[TRACE] 2022-07-17 12:21:53.382 [main] NioEventLoop - instrumented a special java.util.Set into: sun.nio.ch.WEPollSelectorImpl@434514d8
[TRACE] 2022-07-17 12:21:53.384 [main] NioEventLoop - instrumented a special java.util.Set into: sun.nio.ch.WEPollSelectorImpl@6b1dc20f
[TRACE] 2022-07-17 12:21:53.386 [main] NioEventLoop - instrumented a special java.util.Set into: sun.nio.ch.WEPollSelectorImpl@4613311f
[TRACE] 2022-07-17 12:21:53.387 [main] NioEventLoop - instrumented a special java.util.Set into: sun.nio.ch.WEPollSelectorImpl@6540cf1d
[TRACE] 2022-07-17 12:21:53.390 [main] NioEventLoop - instrumented a special java.util.Set into: sun.nio.ch.WEPollSelectorImpl@ec8f4b9
[TRACE] 2022-07-17 12:21:53.391 [main] NioEventLoop - instrumented a special java.util.Set into: sun.nio.ch.WEPollSelectorImpl@bc042d5
[DEBUG] 2022-07-17 12:21:53.433 [main] PooledByteBufAllocator - -Dio.netty.allocator.numHeapArenas: 8
[DEBUG] 2022-07-17 12:21:53.434 [main] PooledByteBufAllocator - -Dio.netty.allocator.numDirectArenas: 8
[DEBUG] 2022-07-17 12:21:53.434 [main] PooledByteBufAllocator - -Dio.netty.allocator.pageSize: 8192
[DEBUG] 2022-07-17 12:21:53.434 [main] PooledByteBufAllocator - -Dio.netty.allocator.maxOrder: 9
[DEBUG] 2022-07-17 12:21:53.434 [main] PooledByteBufAllocator - -Dio.netty.allocator.chunkSize: 4194304
[DEBUG] 2022-07-17 12:21:53.434 [main] PooledByteBufAllocator - -Dio.netty.allocator.smallCacheSize: 256
[DEBUG] 2022-07-17 12:21:53.434 [main] PooledByteBufAllocator - -Dio.netty.allocator.normalCacheSize: 64
[DEBUG] 2022-07-17 12:21:53.434 [main] PooledByteBufAllocator - -Dio.netty.allocator.maxCachedBufferCapacity: 32768
[DEBUG] 2022-07-17 12:21:53.434 [main] PooledByteBufAllocator - -Dio.netty.allocator.cacheTrimInterval: 8192
[DEBUG] 2022-07-17 12:21:53.434 [main] PooledByteBufAllocator - -Dio.netty.allocator.cacheTrimIntervalMillis: 0
[DEBUG] 2022-07-17 12:21:53.434 [main] PooledByteBufAllocator - -Dio.netty.allocator.useCacheForAllThreads: false
[DEBUG] 2022-07-17 12:21:53.434 [main] PooledByteBufAllocator - -Dio.netty.allocator.maxCachedByteBuffersPerChunk: 1023
[DEBUG] 2022-07-17 12:21:53.451 [main] ByteBufUtil - -Dio.netty.allocator.type: pooled
[DEBUG] 2022-07-17 12:21:53.452 [main] ByteBufUtil - -Dio.netty.threadLocalDirectBufferSize: 0
[DEBUG] 2022-07-17 12:21:53.452 [main] ByteBufUtil - -Dio.netty.maxThreadLocalCharBufferSize: 16384
[DEBUG] 2022-07-17 12:21:55.470 [Forwarding newSession on session null to remote] DefaultChannelId - -Dio.netty.processId: 8960 (auto-detected)
[DEBUG] 2022-07-17 12:21:55.473 [Forwarding newSession on session null to remote] NetUtil - -Djava.net.preferIPv4Stack: false
[DEBUG] 2022-07-17 12:21:55.474 [Forwarding newSession on session null to remote] NetUtil - -Djava.net.preferIPv6Addresses: false
[DEBUG] 2022-07-17 12:21:55.497 [Forwarding newSession on session null to remote] NetUtilInitializations - Loopback interface: lo (Software Loopback Interface 1, 127.0.0.1)
[DEBUG] 2022-07-17 12:21:55.500 [Forwarding newSession on session null to remote] NetUtil - Failed to get SOMAXCONN from sysctl and file \proc\sys\net\core\somaxconn. Default: 200
[DEBUG] 2022-07-17 12:21:55.582 [Forwarding newSession on session null to remote] DefaultChannelId - -Dio.netty.machineId: 34:f3:9a:ff:fe:2f:e4:f0 (auto-detected)
[DEBUG] 2022-07-17 12:21:55.724 [AsyncHttpClient-1-2] AbstractByteBuf - -Dio.netty.buffer.checkAccessible: true
[DEBUG] 2022-07-17 12:21:55.724 [AsyncHttpClient-1-2] AbstractByteBuf - -Dio.netty.buffer.checkBounds: true
[DEBUG] 2022-07-17 12:21:55.725 [AsyncHttpClient-1-2] ResourceLeakDetectorFactory - Loaded default ResourceLeakDetector: io.netty.util.ResourceLeakDetector@398fe622
[DEBUG] 2022-07-17 12:21:55.773 [AsyncHttpClient-1-2] Recycler - -Dio.netty.recycler.maxCapacityPerThread: 4096
[DEBUG] 2022-07-17 12:21:55.773 [AsyncHttpClient-1-2] Recycler - -Dio.netty.recycler.ratio: 8
[DEBUG] 2022-07-17 12:21:55.774 [AsyncHttpClient-1-2] Recycler - -Dio.netty.recycler.chunkSize: 32
[DEBUG] 2022-07-17 12:21:55.774 [AsyncHttpClient-1-2] Recycler - -Dio.netty.recycler.blocking: false
[DEBUG] 2022-07-17 12:21:56.989 [AsyncHttpClient-1-2] Brotli - brotli4j not in the classpath; Brotli support will be unavailable.
[DEBUG] 2022-07-17 12:21:57.413 [main] ThreadLocalRandom - -Dio.netty.initialSeedUniquifier: 0x99f2d77be567f9bd
[TRACE] 2022-07-17 12:22:17.790 [AsyncHttpClient-1-4] WebSocket08FrameEncoder - Encoding WebSocket Frame opCode=8 length=26
[DEBUG] 2022-07-17 12:35:55.396 [main] InternalLoggerFactory - Using Log4J2 as the default logging framework
[DEBUG] 2022-07-17 12:35:55.409 [main] ResourceLeakDetector - -Dio.netty.leakDetection.level: simple
[DEBUG] 2022-07-17 12:35:55.410 [main] ResourceLeakDetector - -Dio.netty.leakDetection.targetRecords: 4
[DEBUG] 2022-07-17 12:35:55.414 [main] ResourceLeakDetectorFactory - Loaded default ResourceLeakDetector: io.netty.util.ResourceLeakDetector@1835d3ed
[DEBUG] 2022-07-17 12:35:55.445 [main] PlatformDependent0 - -Dio.netty.noUnsafe: false
[DEBUG] 2022-07-17 12:35:55.446 [main] PlatformDependent0 - Java version: 17
[DEBUG] 2022-07-17 12:35:55.447 [main] PlatformDependent0 - sun.misc.Unsafe.theUnsafe: available
[DEBUG] 2022-07-17 12:35:55.449 [main] PlatformDependent0 - sun.misc.Unsafe.copyMemory: available
[DEBUG] 2022-07-17 12:35:55.449 [main] PlatformDependent0 - sun.misc.Unsafe.storeFence: available
[DEBUG] 2022-07-17 12:35:55.450 [main] PlatformDependent0 - java.nio.Buffer.address: available
[DEBUG] 2022-07-17 12:35:55.451 [main] PlatformDependent0 - direct buffer constructor: unavailable
java.lang.UnsupportedOperationException: Reflective setAccessible(true) disabled
	at io.netty.util.internal.ReflectionUtil.trySetAccessible(ReflectionUtil.java:31) ~[netty-common-4.1.77.Final.jar:4.1.77.Final]
	at io.netty.util.internal.PlatformDependent0$5.run(PlatformDependent0.java:287) ~[netty-common-4.1.77.Final.jar:4.1.77.Final]
	at java.security.AccessController.doPrivileged(AccessController.java:318) ~[?:?]
	at io.netty.util.internal.PlatformDependent0.<clinit>(PlatformDependent0.java:281) ~[netty-common-4.1.77.Final.jar:4.1.77.Final]
	at io.netty.util.internal.PlatformDependent.isAndroid(PlatformDependent.java:294) ~[netty-common-4.1.77.Final.jar:4.1.77.Final]
	at io.netty.util.internal.PlatformDependent.<clinit>(PlatformDependent.java:88) ~[netty-common-4.1.77.Final.jar:4.1.77.Final]
	at io.netty.util.HashedWheelTimer.<init>(HashedWheelTimer.java:114) ~[netty-common-4.1.77.Final.jar:4.1.77.Final]
	at io.netty.util.HashedWheelTimer.<init>(HashedWheelTimer.java:251) ~[netty-common-4.1.77.Final.jar:4.1.77.Final]
	at io.netty.util.HashedWheelTimer.<init>(HashedWheelTimer.java:224) ~[netty-common-4.1.77.Final.jar:4.1.77.Final]
	at io.netty.util.HashedWheelTimer.<init>(HashedWheelTimer.java:203) ~[netty-common-4.1.77.Final.jar:4.1.77.Final]
	at org.asynchttpclient.DefaultAsyncHttpClient.newNettyTimer(DefaultAsyncHttpClient.java:111) ~[async-http-client-2.12.3.jar:?]
	at org.asynchttpclient.DefaultAsyncHttpClient.<init>(DefaultAsyncHttpClient.java:90) ~[async-http-client-2.12.3.jar:?]
	at org.asynchttpclient.Dsl.asyncHttpClient(Dsl.java:32) ~[async-http-client-2.12.3.jar:?]
	at org.openqa.selenium.remote.http.netty.NettyClient.createHttpClient(NettyClient.java:93) ~[selenium-remote-driver-4.2.2.jar:?]
	at org.openqa.selenium.remote.http.netty.NettyClient.<clinit>(NettyClient.java:47) ~[selenium-remote-driver-4.2.2.jar:?]
	at org.openqa.selenium.remote.http.netty.NettyClient$Factory.createClient(NettyClient.java:134) ~[selenium-remote-driver-4.2.2.jar:?]
	at org.openqa.selenium.remote.HttpCommandExecutor.<init>(HttpCommandExecutor.java:107) ~[selenium-remote-driver-4.2.2.jar:?]
	at org.openqa.selenium.remote.HttpCommandExecutor.<init>(HttpCommandExecutor.java:94) ~[selenium-remote-driver-4.2.2.jar:?]
	at org.openqa.selenium.remote.HttpCommandExecutor.<init>(HttpCommandExecutor.java:85) ~[selenium-remote-driver-4.2.2.jar:?]
	at org.openqa.selenium.remote.service.DriverCommandExecutor.<init>(DriverCommandExecutor.java:80) ~[selenium-remote-driver-4.2.2.jar:?]
	at org.openqa.selenium.chromium.ChromiumDriverCommandExecutor.<init>(ChromiumDriverCommandExecutor.java:35) ~[selenium-chromium-driver-4.2.2.jar:?]
	at org.openqa.selenium.edge.EdgeDriver$EdgeDriverCommandExecutor.<init>(EdgeDriver.java:69) ~[selenium-edge-driver-4.2.2.jar:?]
	at org.openqa.selenium.edge.EdgeDriver.<init>(EdgeDriver.java:52) ~[selenium-edge-driver-4.2.2.jar:?]
	at org.openqa.selenium.edge.EdgeDriver.<init>(EdgeDriver.java:44) ~[selenium-edge-driver-4.2.2.jar:?]
	at org.openqa.selenium.edge.EdgeDriver.<init>(EdgeDriver.java:41) ~[selenium-edge-driver-4.2.2.jar:?]
	at Test.GoogleSearchPageText_TestNG2.SetUpTest(GoogleSearchPageText_TestNG2.java:30) ~[test-classes/:?]
	at jdk.internal.reflect.NativeMethodAccessorImpl.invoke0(Native Method) ~[?:?]
	at jdk.internal.reflect.NativeMethodAccessorImpl.invoke(NativeMethodAccessorImpl.java:77) ~[?:?]
	at jdk.internal.reflect.DelegatingMethodAccessorImpl.invoke(DelegatingMethodAccessorImpl.java:43) ~[?:?]
	at java.lang.reflect.Method.invoke(Method.java:568) ~[?:?]
	at org.testng.internal.MethodInvocationHelper.invokeMethod(MethodInvocationHelper.java:133) ~[org.testng_7.4.0.r202105021533.jar:7.4.0]
	at org.testng.internal.MethodInvocationHelper.invokeMethodConsideringTimeout(MethodInvocationHelper.java:62) ~[org.testng_7.4.0.r202105021533.jar:7.4.0]
	at org.testng.internal.ConfigInvoker.invokeConfigurationMethod(ConfigInvoker.java:385) ~[org.testng_7.4.0.r202105021533.jar:7.4.0]
	at org.testng.internal.ConfigInvoker.invokeConfigurations(ConfigInvoker.java:321) ~[org.testng_7.4.0.r202105021533.jar:7.4.0]
	at org.testng.TestRunner.invokeTestConfigurations(TestRunner.java:637) ~[org.testng_7.4.0.r202105021533.jar:7.4.0]
	at org.testng.TestRunner.beforeRun(TestRunner.java:627) ~[org.testng_7.4.0.r202105021533.jar:7.4.0]
	at org.testng.TestRunner.run(TestRunner.java:589) ~[org.testng_7.4.0.r202105021533.jar:7.4.0]
	at org.testng.SuiteRunner.runTest(SuiteRunner.java:377) ~[org.testng_7.4.0.r202105021533.jar:7.4.0]
	at org.testng.SuiteRunner.runSequentially(SuiteRunner.java:371) ~[org.testng_7.4.0.r202105021533.jar:7.4.0]
	at org.testng.SuiteRunner.privateRun(SuiteRunner.java:332) ~[org.testng_7.4.0.r202105021533.jar:7.4.0]
	at org.testng.SuiteRunner.run(SuiteRunner.java:276) ~[org.testng_7.4.0.r202105021533.jar:7.4.0]
	at org.testng.SuiteRunnerWorker.runSuite(SuiteRunnerWorker.java:53) ~[org.testng_7.4.0.r202105021533.jar:7.4.0]
	at org.testng.SuiteRunnerWorker.run(SuiteRunnerWorker.java:96) ~[org.testng_7.4.0.r202105021533.jar:7.4.0]
	at org.testng.TestNG.runSuitesSequentially(TestNG.java:1212) ~[org.testng_7.4.0.r202105021533.jar:7.4.0]
	at org.testng.TestNG.runSuitesLocally(TestNG.java:1134) ~[org.testng_7.4.0.r202105021533.jar:7.4.0]
	at org.testng.TestNG.runSuites(TestNG.java:1063) ~[org.testng_7.4.0.r202105021533.jar:7.4.0]
	at org.testng.TestNG.run(TestNG.java:1031) ~[org.testng_7.4.0.r202105021533.jar:7.4.0]
	at org.testng.remote.AbstractRemoteTestNG.run(AbstractRemoteTestNG.java:115) ~[testng-remote.jar:?]
	at org.testng.remote.RemoteTestNG.initAndRun(RemoteTestNG.java:251) ~[testng-remote.jar:?]
	at org.testng.remote.RemoteTestNG.main(RemoteTestNG.java:77) ~[testng-remote.jar:?]
[DEBUG] 2022-07-17 12:35:55.463 [main] PlatformDependent0 - java.nio.Bits.unaligned: available, true
[DEBUG] 2022-07-17 12:35:55.464 [main] PlatformDependent0 - jdk.internal.misc.Unsafe.allocateUninitializedArray(int): unavailable
java.lang.IllegalAccessException: class io.netty.util.internal.PlatformDependent0$7 cannot access class jdk.internal.misc.Unsafe (in module java.base) because module java.base does not export jdk.internal.misc to unnamed module @531be3c5
	at jdk.internal.reflect.Reflection.newIllegalAccessException(Reflection.java:392) ~[?:?]
	at java.lang.reflect.AccessibleObject.checkAccess(AccessibleObject.java:674) ~[?:?]
	at java.lang.reflect.Method.invoke(Method.java:560) ~[?:?]
	at io.netty.util.internal.PlatformDependent0$7.run(PlatformDependent0.java:409) ~[netty-common-4.1.77.Final.jar:4.1.77.Final]
	at java.security.AccessController.doPrivileged(AccessController.java:318) ~[?:?]
	at io.netty.util.internal.PlatformDependent0.<clinit>(PlatformDependent0.java:400) ~[netty-common-4.1.77.Final.jar:4.1.77.Final]
	at io.netty.util.internal.PlatformDependent.isAndroid(PlatformDependent.java:294) ~[netty-common-4.1.77.Final.jar:4.1.77.Final]
	at io.netty.util.internal.PlatformDependent.<clinit>(PlatformDependent.java:88) ~[netty-common-4.1.77.Final.jar:4.1.77.Final]
	at io.netty.util.HashedWheelTimer.<init>(HashedWheelTimer.java:114) ~[netty-common-4.1.77.Final.jar:4.1.77.Final]
	at io.netty.util.HashedWheelTimer.<init>(HashedWheelTimer.java:251) ~[netty-common-4.1.77.Final.jar:4.1.77.Final]
	at io.netty.util.HashedWheelTimer.<init>(HashedWheelTimer.java:224) ~[netty-common-4.1.77.Final.jar:4.1.77.Final]
	at io.netty.util.HashedWheelTimer.<init>(HashedWheelTimer.java:203) ~[netty-common-4.1.77.Final.jar:4.1.77.Final]
	at org.asynchttpclient.DefaultAsyncHttpClient.newNettyTimer(DefaultAsyncHttpClient.java:111) ~[async-http-client-2.12.3.jar:?]
	at org.asynchttpclient.DefaultAsyncHttpClient.<init>(DefaultAsyncHttpClient.java:90) ~[async-http-client-2.12.3.jar:?]
	at org.asynchttpclient.Dsl.asyncHttpClient(Dsl.java:32) ~[async-http-client-2.12.3.jar:?]
	at org.openqa.selenium.remote.http.netty.NettyClient.createHttpClient(NettyClient.java:93) ~[selenium-remote-driver-4.2.2.jar:?]
	at org.openqa.selenium.remote.http.netty.NettyClient.<clinit>(NettyClient.java:47) ~[selenium-remote-driver-4.2.2.jar:?]
	at org.openqa.selenium.remote.http.netty.NettyClient$Factory.createClient(NettyClient.java:134) ~[selenium-remote-driver-4.2.2.jar:?]
	at org.openqa.selenium.remote.HttpCommandExecutor.<init>(HttpCommandExecutor.java:107) ~[selenium-remote-driver-4.2.2.jar:?]
	at org.openqa.selenium.remote.HttpCommandExecutor.<init>(HttpCommandExecutor.java:94) ~[selenium-remote-driver-4.2.2.jar:?]
	at org.openqa.selenium.remote.HttpCommandExecutor.<init>(HttpCommandExecutor.java:85) ~[selenium-remote-driver-4.2.2.jar:?]
	at org.openqa.selenium.remote.service.DriverCommandExecutor.<init>(DriverCommandExecutor.java:80) ~[selenium-remote-driver-4.2.2.jar:?]
	at org.openqa.selenium.chromium.ChromiumDriverCommandExecutor.<init>(ChromiumDriverCommandExecutor.java:35) ~[selenium-chromium-driver-4.2.2.jar:?]
	at org.openqa.selenium.edge.EdgeDriver$EdgeDriverCommandExecutor.<init>(EdgeDriver.java:69) ~[selenium-edge-driver-4.2.2.jar:?]
	at org.openqa.selenium.edge.EdgeDriver.<init>(EdgeDriver.java:52) ~[selenium-edge-driver-4.2.2.jar:?]
	at org.openqa.selenium.edge.EdgeDriver.<init>(EdgeDriver.java:44) ~[selenium-edge-driver-4.2.2.jar:?]
	at org.openqa.selenium.edge.EdgeDriver.<init>(EdgeDriver.java:41) ~[selenium-edge-driver-4.2.2.jar:?]
	at Test.GoogleSearchPageText_TestNG2.SetUpTest(GoogleSearchPageText_TestNG2.java:30) ~[test-classes/:?]
	at jdk.internal.reflect.NativeMethodAccessorImpl.invoke0(Native Method) ~[?:?]
	at jdk.internal.reflect.NativeMethodAccessorImpl.invoke(NativeMethodAccessorImpl.java:77) ~[?:?]
	at jdk.internal.reflect.DelegatingMethodAccessorImpl.invoke(DelegatingMethodAccessorImpl.java:43) ~[?:?]
	at java.lang.reflect.Method.invoke(Method.java:568) ~[?:?]
	at org.testng.internal.MethodInvocationHelper.invokeMethod(MethodInvocationHelper.java:133) ~[org.testng_7.4.0.r202105021533.jar:7.4.0]
	at org.testng.internal.MethodInvocationHelper.invokeMethodConsideringTimeout(MethodInvocationHelper.java:62) ~[org.testng_7.4.0.r202105021533.jar:7.4.0]
	at org.testng.internal.ConfigInvoker.invokeConfigurationMethod(ConfigInvoker.java:385) ~[org.testng_7.4.0.r202105021533.jar:7.4.0]
	at org.testng.internal.ConfigInvoker.invokeConfigurations(ConfigInvoker.java:321) ~[org.testng_7.4.0.r202105021533.jar:7.4.0]
	at org.testng.TestRunner.invokeTestConfigurations(TestRunner.java:637) ~[org.testng_7.4.0.r202105021533.jar:7.4.0]
	at org.testng.TestRunner.beforeRun(TestRunner.java:627) ~[org.testng_7.4.0.r202105021533.jar:7.4.0]
	at org.testng.TestRunner.run(TestRunner.java:589) ~[org.testng_7.4.0.r202105021533.jar:7.4.0]
	at org.testng.SuiteRunner.runTest(SuiteRunner.java:377) ~[org.testng_7.4.0.r202105021533.jar:7.4.0]
	at org.testng.SuiteRunner.runSequentially(SuiteRunner.java:371) ~[org.testng_7.4.0.r202105021533.jar:7.4.0]
	at org.testng.SuiteRunner.privateRun(SuiteRunner.java:332) ~[org.testng_7.4.0.r202105021533.jar:7.4.0]
	at org.testng.SuiteRunner.run(SuiteRunner.java:276) ~[org.testng_7.4.0.r202105021533.jar:7.4.0]
	at org.testng.SuiteRunnerWorker.runSuite(SuiteRunnerWorker.java:53) ~[org.testng_7.4.0.r202105021533.jar:7.4.0]
	at org.testng.SuiteRunnerWorker.run(SuiteRunnerWorker.java:96) ~[org.testng_7.4.0.r202105021533.jar:7.4.0]
	at org.testng.TestNG.runSuitesSequentially(TestNG.java:1212) ~[org.testng_7.4.0.r202105021533.jar:7.4.0]
	at org.testng.TestNG.runSuitesLocally(TestNG.java:1134) ~[org.testng_7.4.0.r202105021533.jar:7.4.0]
	at org.testng.TestNG.runSuites(TestNG.java:1063) ~[org.testng_7.4.0.r202105021533.jar:7.4.0]
	at org.testng.TestNG.run(TestNG.java:1031) ~[org.testng_7.4.0.r202105021533.jar:7.4.0]
	at org.testng.remote.AbstractRemoteTestNG.run(AbstractRemoteTestNG.java:115) ~[testng-remote.jar:?]
	at org.testng.remote.RemoteTestNG.initAndRun(RemoteTestNG.java:251) ~[testng-remote.jar:?]
	at org.testng.remote.RemoteTestNG.main(RemoteTestNG.java:77) ~[testng-remote.jar:?]
[DEBUG] 2022-07-17 12:35:55.468 [main] PlatformDependent0 - java.nio.DirectByteBuffer.<init>(long, int): unavailable
[DEBUG] 2022-07-17 12:35:55.468 [main] PlatformDependent - sun.misc.Unsafe: available
[DEBUG] 2022-07-17 12:35:55.470 [main] PlatformDependent - maxDirectMemory: 2116026368 bytes (maybe)
[DEBUG] 2022-07-17 12:35:55.470 [main] PlatformDependent - -Dio.netty.tmpdir: C:\Users\hp\AppData\Local\Temp (java.io.tmpdir)
[DEBUG] 2022-07-17 12:35:55.471 [main] PlatformDependent - -Dio.netty.bitMode: 64 (sun.arch.data.model)
[DEBUG] 2022-07-17 12:35:55.471 [main] PlatformDependent - Platform: Windows
[DEBUG] 2022-07-17 12:35:55.473 [main] PlatformDependent - -Dio.netty.maxDirectMemory: -1 bytes
[DEBUG] 2022-07-17 12:35:55.473 [main] PlatformDependent - -Dio.netty.uninitializedArrayAllocationThreshold: -1
[DEBUG] 2022-07-17 12:35:55.476 [main] CleanerJava9 - java.nio.ByteBuffer.cleaner(): available
[DEBUG] 2022-07-17 12:35:55.477 [main] PlatformDependent - -Dio.netty.noPreferDirect: false
[DEBUG] 2022-07-17 12:35:55.490 [main] PlatformDependent - org.jctools-core.MpscChunkedArrayQueue: available
[DEBUG] 2022-07-17 12:35:55.518 [main] InternalThreadLocalMap - -Dio.netty.threadLocalMap.stringBuilder.initialSize: 1024
[DEBUG] 2022-07-17 12:35:55.518 [main] InternalThreadLocalMap - -Dio.netty.threadLocalMap.stringBuilder.maxSize: 4096
[DEBUG] 2022-07-17 12:35:55.542 [main] JdkSslContext - Default protocols (JDK): [TLSv1.3, TLSv1.2] 
[DEBUG] 2022-07-17 12:35:55.543 [main] JdkSslContext - Default cipher suites (JDK): [TLS_ECDHE_ECDSA_WITH_AES_256_GCM_SHA384, TLS_ECDHE_ECDSA_WITH_AES_128_GCM_SHA256, TLS_ECDHE_RSA_WITH_AES_128_GCM_SHA256, TLS_ECDHE_RSA_WITH_AES_256_GCM_SHA384, TLS_ECDHE_RSA_WITH_AES_128_CBC_SHA, TLS_ECDHE_RSA_WITH_AES_256_CBC_SHA, TLS_RSA_WITH_AES_128_GCM_SHA256, TLS_RSA_WITH_AES_128_CBC_SHA, TLS_RSA_WITH_AES_256_CBC_SHA, TLS_AES_128_GCM_SHA256, TLS_AES_256_GCM_SHA384]
[DEBUG] 2022-07-17 12:35:55.614 [main] MultithreadEventLoopGroup - -Dio.netty.eventLoopThreads: 8
[DEBUG] 2022-07-17 12:35:55.638 [main] NioEventLoop - -Dio.netty.noKeySetOptimization: false
[DEBUG] 2022-07-17 12:35:55.638 [main] NioEventLoop - -Dio.netty.selectorAutoRebuildThreshold: 512
[TRACE] 2022-07-17 12:35:55.665 [main] NioEventLoop - instrumented a special java.util.Set into: sun.nio.ch.WEPollSelectorImpl@1305c126
[TRACE] 2022-07-17 12:35:55.669 [main] NioEventLoop - instrumented a special java.util.Set into: sun.nio.ch.WEPollSelectorImpl@7640a5b1
[TRACE] 2022-07-17 12:35:55.674 [main] NioEventLoop - instrumented a special java.util.Set into: sun.nio.ch.WEPollSelectorImpl@642f9a77
[TRACE] 2022-07-17 12:35:55.677 [main] NioEventLoop - instrumented a special java.util.Set into: sun.nio.ch.WEPollSelectorImpl@23f3da8b
[TRACE] 2022-07-17 12:35:55.680 [main] NioEventLoop - instrumented a special java.util.Set into: sun.nio.ch.WEPollSelectorImpl@5634d0f4
[TRACE] 2022-07-17 12:35:55.684 [main] NioEventLoop - instrumented a special java.util.Set into: sun.nio.ch.WEPollSelectorImpl@252a8aae
[TRACE] 2022-07-17 12:35:55.687 [main] NioEventLoop - instrumented a special java.util.Set into: sun.nio.ch.WEPollSelectorImpl@3d4e405e
[TRACE] 2022-07-17 12:35:55.692 [main] NioEventLoop - instrumented a special java.util.Set into: sun.nio.ch.WEPollSelectorImpl@54e2fe
[DEBUG] 2022-07-17 12:35:55.732 [main] PooledByteBufAllocator - -Dio.netty.allocator.numHeapArenas: 8
[DEBUG] 2022-07-17 12:35:55.733 [main] PooledByteBufAllocator - -Dio.netty.allocator.numDirectArenas: 8
[DEBUG] 2022-07-17 12:35:55.733 [main] PooledByteBufAllocator - -Dio.netty.allocator.pageSize: 8192
[DEBUG] 2022-07-17 12:35:55.733 [main] PooledByteBufAllocator - -Dio.netty.allocator.maxOrder: 9
[DEBUG] 2022-07-17 12:35:55.733 [main] PooledByteBufAllocator - -Dio.netty.allocator.chunkSize: 4194304
[DEBUG] 2022-07-17 12:35:55.733 [main] PooledByteBufAllocator - -Dio.netty.allocator.smallCacheSize: 256
[DEBUG] 2022-07-17 12:35:55.733 [main] PooledByteBufAllocator - -Dio.netty.allocator.normalCacheSize: 64
[DEBUG] 2022-07-17 12:35:55.733 [main] PooledByteBufAllocator - -Dio.netty.allocator.maxCachedBufferCapacity: 32768
[DEBUG] 2022-07-17 12:35:55.733 [main] PooledByteBufAllocator - -Dio.netty.allocator.cacheTrimInterval: 8192
[DEBUG] 2022-07-17 12:35:55.734 [main] PooledByteBufAllocator - -Dio.netty.allocator.cacheTrimIntervalMillis: 0
[DEBUG] 2022-07-17 12:35:55.734 [main] PooledByteBufAllocator - -Dio.netty.allocator.useCacheForAllThreads: false
[DEBUG] 2022-07-17 12:35:55.734 [main] PooledByteBufAllocator - -Dio.netty.allocator.maxCachedByteBuffersPerChunk: 1023
[DEBUG] 2022-07-17 12:35:55.750 [main] ByteBufUtil - -Dio.netty.allocator.type: pooled
[DEBUG] 2022-07-17 12:35:55.751 [main] ByteBufUtil - -Dio.netty.threadLocalDirectBufferSize: 0
[DEBUG] 2022-07-17 12:35:55.751 [main] ByteBufUtil - -Dio.netty.maxThreadLocalCharBufferSize: 16384
[DEBUG] 2022-07-17 12:35:57.695 [Forwarding newSession on session null to remote] DefaultChannelId - -Dio.netty.processId: 3444 (auto-detected)
[DEBUG] 2022-07-17 12:35:57.699 [Forwarding newSession on session null to remote] NetUtil - -Djava.net.preferIPv4Stack: false
[DEBUG] 2022-07-17 12:35:57.699 [Forwarding newSession on session null to remote] NetUtil - -Djava.net.preferIPv6Addresses: false
[DEBUG] 2022-07-17 12:35:57.726 [Forwarding newSession on session null to remote] NetUtilInitializations - Loopback interface: lo (Software Loopback Interface 1, 127.0.0.1)
[DEBUG] 2022-07-17 12:35:57.728 [Forwarding newSession on session null to remote] NetUtil - Failed to get SOMAXCONN from sysctl and file \proc\sys\net\core\somaxconn. Default: 200
[DEBUG] 2022-07-17 12:35:57.832 [Forwarding newSession on session null to remote] DefaultChannelId - -Dio.netty.machineId: 34:f3:9a:ff:fe:2f:e4:f0 (auto-detected)
[DEBUG] 2022-07-17 12:35:57.929 [AsyncHttpClient-1-2] AbstractByteBuf - -Dio.netty.buffer.checkAccessible: true
[DEBUG] 2022-07-17 12:35:57.930 [AsyncHttpClient-1-2] AbstractByteBuf - -Dio.netty.buffer.checkBounds: true
[DEBUG] 2022-07-17 12:35:57.930 [AsyncHttpClient-1-2] ResourceLeakDetectorFactory - Loaded default ResourceLeakDetector: io.netty.util.ResourceLeakDetector@55bbdff4
[DEBUG] 2022-07-17 12:35:57.975 [AsyncHttpClient-1-2] Recycler - -Dio.netty.recycler.maxCapacityPerThread: 4096
[DEBUG] 2022-07-17 12:35:57.975 [AsyncHttpClient-1-2] Recycler - -Dio.netty.recycler.ratio: 8
[DEBUG] 2022-07-17 12:35:57.975 [AsyncHttpClient-1-2] Recycler - -Dio.netty.recycler.chunkSize: 32
[DEBUG] 2022-07-17 12:35:57.975 [AsyncHttpClient-1-2] Recycler - -Dio.netty.recycler.blocking: false
[DEBUG] 2022-07-17 12:35:59.448 [AsyncHttpClient-1-2] Brotli - brotli4j not in the classpath; Brotli support will be unavailable.
[DEBUG] 2022-07-17 12:35:59.796 [main] ThreadLocalRandom - -Dio.netty.initialSeedUniquifier: 0xc3def618a4cfb406
[TRACE] 2022-07-17 12:39:21.104 [AsyncHttpClient-1-4] WebSocket08FrameEncoder - Encoding WebSocket Frame opCode=8 length=26
[DEBUG] 2022-07-17 12:45:21.028 [main] InternalLoggerFactory - Using Log4J2 as the default logging framework
[DEBUG] 2022-07-17 12:45:21.048 [main] ResourceLeakDetector - -Dio.netty.leakDetection.level: simple
[DEBUG] 2022-07-17 12:45:21.048 [main] ResourceLeakDetector - -Dio.netty.leakDetection.targetRecords: 4
[DEBUG] 2022-07-17 12:45:21.057 [main] ResourceLeakDetectorFactory - Loaded default ResourceLeakDetector: io.netty.util.ResourceLeakDetector@359b650b
[DEBUG] 2022-07-17 12:45:21.107 [main] PlatformDependent0 - -Dio.netty.noUnsafe: false
[DEBUG] 2022-07-17 12:45:21.107 [main] PlatformDependent0 - Java version: 17
[DEBUG] 2022-07-17 12:45:21.109 [main] PlatformDependent0 - sun.misc.Unsafe.theUnsafe: available
[DEBUG] 2022-07-17 12:45:21.110 [main] PlatformDependent0 - sun.misc.Unsafe.copyMemory: available
[DEBUG] 2022-07-17 12:45:21.111 [main] PlatformDependent0 - sun.misc.Unsafe.storeFence: available
[DEBUG] 2022-07-17 12:45:21.113 [main] PlatformDependent0 - java.nio.Buffer.address: available
[DEBUG] 2022-07-17 12:45:21.115 [main] PlatformDependent0 - direct buffer constructor: unavailable
java.lang.UnsupportedOperationException: Reflective setAccessible(true) disabled
	at io.netty.util.internal.ReflectionUtil.trySetAccessible(ReflectionUtil.java:31) ~[netty-common-4.1.77.Final.jar:4.1.77.Final]
	at io.netty.util.internal.PlatformDependent0$5.run(PlatformDependent0.java:287) ~[netty-common-4.1.77.Final.jar:4.1.77.Final]
	at java.security.AccessController.doPrivileged(AccessController.java:318) ~[?:?]
	at io.netty.util.internal.PlatformDependent0.<clinit>(PlatformDependent0.java:281) ~[netty-common-4.1.77.Final.jar:4.1.77.Final]
	at io.netty.util.internal.PlatformDependent.isAndroid(PlatformDependent.java:294) ~[netty-common-4.1.77.Final.jar:4.1.77.Final]
	at io.netty.util.internal.PlatformDependent.<clinit>(PlatformDependent.java:88) ~[netty-common-4.1.77.Final.jar:4.1.77.Final]
	at io.netty.util.HashedWheelTimer.<init>(HashedWheelTimer.java:114) ~[netty-common-4.1.77.Final.jar:4.1.77.Final]
	at io.netty.util.HashedWheelTimer.<init>(HashedWheelTimer.java:251) ~[netty-common-4.1.77.Final.jar:4.1.77.Final]
	at io.netty.util.HashedWheelTimer.<init>(HashedWheelTimer.java:224) ~[netty-common-4.1.77.Final.jar:4.1.77.Final]
	at io.netty.util.HashedWheelTimer.<init>(HashedWheelTimer.java:203) ~[netty-common-4.1.77.Final.jar:4.1.77.Final]
	at org.asynchttpclient.DefaultAsyncHttpClient.newNettyTimer(DefaultAsyncHttpClient.java:111) ~[async-http-client-2.12.3.jar:?]
	at org.asynchttpclient.DefaultAsyncHttpClient.<init>(DefaultAsyncHttpClient.java:90) ~[async-http-client-2.12.3.jar:?]
	at org.asynchttpclient.Dsl.asyncHttpClient(Dsl.java:32) ~[async-http-client-2.12.3.jar:?]
	at org.openqa.selenium.remote.http.netty.NettyClient.createHttpClient(NettyClient.java:93) ~[selenium-remote-driver-4.2.2.jar:?]
	at org.openqa.selenium.remote.http.netty.NettyClient.<clinit>(NettyClient.java:47) ~[selenium-remote-driver-4.2.2.jar:?]
	at org.openqa.selenium.remote.http.netty.NettyClient$Factory.createClient(NettyClient.java:134) ~[selenium-remote-driver-4.2.2.jar:?]
	at org.openqa.selenium.remote.HttpCommandExecutor.<init>(HttpCommandExecutor.java:107) ~[selenium-remote-driver-4.2.2.jar:?]
	at org.openqa.selenium.remote.HttpCommandExecutor.<init>(HttpCommandExecutor.java:94) ~[selenium-remote-driver-4.2.2.jar:?]
	at org.openqa.selenium.remote.HttpCommandExecutor.<init>(HttpCommandExecutor.java:85) ~[selenium-remote-driver-4.2.2.jar:?]
	at org.openqa.selenium.remote.service.DriverCommandExecutor.<init>(DriverCommandExecutor.java:80) ~[selenium-remote-driver-4.2.2.jar:?]
	at org.openqa.selenium.chromium.ChromiumDriverCommandExecutor.<init>(ChromiumDriverCommandExecutor.java:35) ~[selenium-chromium-driver-4.2.2.jar:?]
	at org.openqa.selenium.chrome.ChromeDriver$ChromeDriverCommandExecutor.<init>(ChromeDriver.java:118) ~[selenium-chrome-driver-4.2.2.jar:?]
	at org.openqa.selenium.chrome.ChromeDriver.<init>(ChromeDriver.java:106) ~[selenium-chrome-driver-4.2.2.jar:?]
	at org.openqa.selenium.chrome.ChromeDriver.<init>(ChromeDriver.java:93) ~[selenium-chrome-driver-4.2.2.jar:?]
	at org.openqa.selenium.chrome.ChromeDriver.<init>(ChromeDriver.java:48) ~[selenium-chrome-driver-4.2.2.jar:?]
	at Test.GoogleSearchPageText_TestNG2.SetUpTest(GoogleSearchPageText_TestNG2.java:25) ~[test-classes/:?]
	at jdk.internal.reflect.NativeMethodAccessorImpl.invoke0(Native Method) ~[?:?]
	at jdk.internal.reflect.NativeMethodAccessorImpl.invoke(NativeMethodAccessorImpl.java:77) ~[?:?]
	at jdk.internal.reflect.DelegatingMethodAccessorImpl.invoke(DelegatingMethodAccessorImpl.java:43) ~[?:?]
	at java.lang.reflect.Method.invoke(Method.java:568) ~[?:?]
	at org.testng.internal.MethodInvocationHelper.invokeMethod(MethodInvocationHelper.java:133) ~[org.testng_7.4.0.r202105021533.jar:7.4.0]
	at org.testng.internal.MethodInvocationHelper.invokeMethodConsideringTimeout(MethodInvocationHelper.java:62) ~[org.testng_7.4.0.r202105021533.jar:7.4.0]
	at org.testng.internal.ConfigInvoker.invokeConfigurationMethod(ConfigInvoker.java:385) ~[org.testng_7.4.0.r202105021533.jar:7.4.0]
	at org.testng.internal.ConfigInvoker.invokeConfigurations(ConfigInvoker.java:321) ~[org.testng_7.4.0.r202105021533.jar:7.4.0]
	at org.testng.TestRunner.invokeTestConfigurations(TestRunner.java:637) ~[org.testng_7.4.0.r202105021533.jar:7.4.0]
	at org.testng.TestRunner.beforeRun(TestRunner.java:627) ~[org.testng_7.4.0.r202105021533.jar:7.4.0]
	at org.testng.TestRunner.run(TestRunner.java:589) ~[org.testng_7.4.0.r202105021533.jar:7.4.0]
	at org.testng.SuiteRunner.runTest(SuiteRunner.java:377) ~[org.testng_7.4.0.r202105021533.jar:7.4.0]
	at org.testng.SuiteRunner.runSequentially(SuiteRunner.java:371) ~[org.testng_7.4.0.r202105021533.jar:7.4.0]
	at org.testng.SuiteRunner.privateRun(SuiteRunner.java:332) ~[org.testng_7.4.0.r202105021533.jar:7.4.0]
	at org.testng.SuiteRunner.run(SuiteRunner.java:276) ~[org.testng_7.4.0.r202105021533.jar:7.4.0]
	at org.testng.SuiteRunnerWorker.runSuite(SuiteRunnerWorker.java:53) ~[org.testng_7.4.0.r202105021533.jar:7.4.0]
	at org.testng.SuiteRunnerWorker.run(SuiteRunnerWorker.java:96) ~[org.testng_7.4.0.r202105021533.jar:7.4.0]
	at org.testng.TestNG.runSuitesSequentially(TestNG.java:1212) ~[org.testng_7.4.0.r202105021533.jar:7.4.0]
	at org.testng.TestNG.runSuitesLocally(TestNG.java:1134) ~[org.testng_7.4.0.r202105021533.jar:7.4.0]
	at org.testng.TestNG.runSuites(TestNG.java:1063) ~[org.testng_7.4.0.r202105021533.jar:7.4.0]
	at org.testng.TestNG.run(TestNG.java:1031) ~[org.testng_7.4.0.r202105021533.jar:7.4.0]
	at org.testng.remote.AbstractRemoteTestNG.run(AbstractRemoteTestNG.java:115) ~[testng-remote.jar:?]
	at org.testng.remote.RemoteTestNG.initAndRun(RemoteTestNG.java:251) ~[testng-remote.jar:?]
	at org.testng.remote.RemoteTestNG.main(RemoteTestNG.java:77) ~[testng-remote.jar:?]
[DEBUG] 2022-07-17 12:45:21.132 [main] PlatformDependent0 - java.nio.Bits.unaligned: available, true
[DEBUG] 2022-07-17 12:45:21.134 [main] PlatformDependent0 - jdk.internal.misc.Unsafe.allocateUninitializedArray(int): unavailable
java.lang.IllegalAccessException: class io.netty.util.internal.PlatformDependent0$7 cannot access class jdk.internal.misc.Unsafe (in module java.base) because module java.base does not export jdk.internal.misc to unnamed module @531be3c5
	at jdk.internal.reflect.Reflection.newIllegalAccessException(Reflection.java:392) ~[?:?]
	at java.lang.reflect.AccessibleObject.checkAccess(AccessibleObject.java:674) ~[?:?]
	at java.lang.reflect.Method.invoke(Method.java:560) ~[?:?]
	at io.netty.util.internal.PlatformDependent0$7.run(PlatformDependent0.java:409) ~[netty-common-4.1.77.Final.jar:4.1.77.Final]
	at java.security.AccessController.doPrivileged(AccessController.java:318) ~[?:?]
	at io.netty.util.internal.PlatformDependent0.<clinit>(PlatformDependent0.java:400) ~[netty-common-4.1.77.Final.jar:4.1.77.Final]
	at io.netty.util.internal.PlatformDependent.isAndroid(PlatformDependent.java:294) ~[netty-common-4.1.77.Final.jar:4.1.77.Final]
	at io.netty.util.internal.PlatformDependent.<clinit>(PlatformDependent.java:88) ~[netty-common-4.1.77.Final.jar:4.1.77.Final]
	at io.netty.util.HashedWheelTimer.<init>(HashedWheelTimer.java:114) ~[netty-common-4.1.77.Final.jar:4.1.77.Final]
	at io.netty.util.HashedWheelTimer.<init>(HashedWheelTimer.java:251) ~[netty-common-4.1.77.Final.jar:4.1.77.Final]
	at io.netty.util.HashedWheelTimer.<init>(HashedWheelTimer.java:224) ~[netty-common-4.1.77.Final.jar:4.1.77.Final]
	at io.netty.util.HashedWheelTimer.<init>(HashedWheelTimer.java:203) ~[netty-common-4.1.77.Final.jar:4.1.77.Final]
	at org.asynchttpclient.DefaultAsyncHttpClient.newNettyTimer(DefaultAsyncHttpClient.java:111) ~[async-http-client-2.12.3.jar:?]
	at org.asynchttpclient.DefaultAsyncHttpClient.<init>(DefaultAsyncHttpClient.java:90) ~[async-http-client-2.12.3.jar:?]
	at org.asynchttpclient.Dsl.asyncHttpClient(Dsl.java:32) ~[async-http-client-2.12.3.jar:?]
	at org.openqa.selenium.remote.http.netty.NettyClient.createHttpClient(NettyClient.java:93) ~[selenium-remote-driver-4.2.2.jar:?]
	at org.openqa.selenium.remote.http.netty.NettyClient.<clinit>(NettyClient.java:47) ~[selenium-remote-driver-4.2.2.jar:?]
	at org.openqa.selenium.remote.http.netty.NettyClient$Factory.createClient(NettyClient.java:134) ~[selenium-remote-driver-4.2.2.jar:?]
	at org.openqa.selenium.remote.HttpCommandExecutor.<init>(HttpCommandExecutor.java:107) ~[selenium-remote-driver-4.2.2.jar:?]
	at org.openqa.selenium.remote.HttpCommandExecutor.<init>(HttpCommandExecutor.java:94) ~[selenium-remote-driver-4.2.2.jar:?]
	at org.openqa.selenium.remote.HttpCommandExecutor.<init>(HttpCommandExecutor.java:85) ~[selenium-remote-driver-4.2.2.jar:?]
	at org.openqa.selenium.remote.service.DriverCommandExecutor.<init>(DriverCommandExecutor.java:80) ~[selenium-remote-driver-4.2.2.jar:?]
	at org.openqa.selenium.chromium.ChromiumDriverCommandExecutor.<init>(ChromiumDriverCommandExecutor.java:35) ~[selenium-chromium-driver-4.2.2.jar:?]
	at org.openqa.selenium.chrome.ChromeDriver$ChromeDriverCommandExecutor.<init>(ChromeDriver.java:118) ~[selenium-chrome-driver-4.2.2.jar:?]
	at org.openqa.selenium.chrome.ChromeDriver.<init>(ChromeDriver.java:106) ~[selenium-chrome-driver-4.2.2.jar:?]
	at org.openqa.selenium.chrome.ChromeDriver.<init>(ChromeDriver.java:93) ~[selenium-chrome-driver-4.2.2.jar:?]
	at org.openqa.selenium.chrome.ChromeDriver.<init>(ChromeDriver.java:48) ~[selenium-chrome-driver-4.2.2.jar:?]
	at Test.GoogleSearchPageText_TestNG2.SetUpTest(GoogleSearchPageText_TestNG2.java:25) ~[test-classes/:?]
	at jdk.internal.reflect.NativeMethodAccessorImpl.invoke0(Native Method) ~[?:?]
	at jdk.internal.reflect.NativeMethodAccessorImpl.invoke(NativeMethodAccessorImpl.java:77) ~[?:?]
	at jdk.internal.reflect.DelegatingMethodAccessorImpl.invoke(DelegatingMethodAccessorImpl.java:43) ~[?:?]
	at java.lang.reflect.Method.invoke(Method.java:568) ~[?:?]
	at org.testng.internal.MethodInvocationHelper.invokeMethod(MethodInvocationHelper.java:133) ~[org.testng_7.4.0.r202105021533.jar:7.4.0]
	at org.testng.internal.MethodInvocationHelper.invokeMethodConsideringTimeout(MethodInvocationHelper.java:62) ~[org.testng_7.4.0.r202105021533.jar:7.4.0]
	at org.testng.internal.ConfigInvoker.invokeConfigurationMethod(ConfigInvoker.java:385) ~[org.testng_7.4.0.r202105021533.jar:7.4.0]
	at org.testng.internal.ConfigInvoker.invokeConfigurations(ConfigInvoker.java:321) ~[org.testng_7.4.0.r202105021533.jar:7.4.0]
	at org.testng.TestRunner.invokeTestConfigurations(TestRunner.java:637) ~[org.testng_7.4.0.r202105021533.jar:7.4.0]
	at org.testng.TestRunner.beforeRun(TestRunner.java:627) ~[org.testng_7.4.0.r202105021533.jar:7.4.0]
	at org.testng.TestRunner.run(TestRunner.java:589) ~[org.testng_7.4.0.r202105021533.jar:7.4.0]
	at org.testng.SuiteRunner.runTest(SuiteRunner.java:377) ~[org.testng_7.4.0.r202105021533.jar:7.4.0]
	at org.testng.SuiteRunner.runSequentially(SuiteRunner.java:371) ~[org.testng_7.4.0.r202105021533.jar:7.4.0]
	at org.testng.SuiteRunner.privateRun(SuiteRunner.java:332) ~[org.testng_7.4.0.r202105021533.jar:7.4.0]
	at org.testng.SuiteRunner.run(SuiteRunner.java:276) ~[org.testng_7.4.0.r202105021533.jar:7.4.0]
	at org.testng.SuiteRunnerWorker.runSuite(SuiteRunnerWorker.java:53) ~[org.testng_7.4.0.r202105021533.jar:7.4.0]
	at org.testng.SuiteRunnerWorker.run(SuiteRunnerWorker.java:96) ~[org.testng_7.4.0.r202105021533.jar:7.4.0]
	at org.testng.TestNG.runSuitesSequentially(TestNG.java:1212) ~[org.testng_7.4.0.r202105021533.jar:7.4.0]
	at org.testng.TestNG.runSuitesLocally(TestNG.java:1134) ~[org.testng_7.4.0.r202105021533.jar:7.4.0]
	at org.testng.TestNG.runSuites(TestNG.java:1063) ~[org.testng_7.4.0.r202105021533.jar:7.4.0]
	at org.testng.TestNG.run(TestNG.java:1031) ~[org.testng_7.4.0.r202105021533.jar:7.4.0]
	at org.testng.remote.AbstractRemoteTestNG.run(AbstractRemoteTestNG.java:115) ~[testng-remote.jar:?]
	at org.testng.remote.RemoteTestNG.initAndRun(RemoteTestNG.java:251) ~[testng-remote.jar:?]
	at org.testng.remote.RemoteTestNG.main(RemoteTestNG.java:77) ~[testng-remote.jar:?]
[DEBUG] 2022-07-17 12:45:21.138 [main] PlatformDependent0 - java.nio.DirectByteBuffer.<init>(long, int): unavailable
[DEBUG] 2022-07-17 12:45:21.138 [main] PlatformDependent - sun.misc.Unsafe: available
[DEBUG] 2022-07-17 12:45:21.139 [main] PlatformDependent - maxDirectMemory: 2116026368 bytes (maybe)
[DEBUG] 2022-07-17 12:45:21.140 [main] PlatformDependent - -Dio.netty.tmpdir: C:\Users\hp\AppData\Local\Temp (java.io.tmpdir)
[DEBUG] 2022-07-17 12:45:21.140 [main] PlatformDependent - -Dio.netty.bitMode: 64 (sun.arch.data.model)
[DEBUG] 2022-07-17 12:45:21.141 [main] PlatformDependent - Platform: Windows
[DEBUG] 2022-07-17 12:45:21.142 [main] PlatformDependent - -Dio.netty.maxDirectMemory: -1 bytes
[DEBUG] 2022-07-17 12:45:21.143 [main] PlatformDependent - -Dio.netty.uninitializedArrayAllocationThreshold: -1
[DEBUG] 2022-07-17 12:45:21.145 [main] CleanerJava9 - java.nio.ByteBuffer.cleaner(): available
[DEBUG] 2022-07-17 12:45:21.146 [main] PlatformDependent - -Dio.netty.noPreferDirect: false
[DEBUG] 2022-07-17 12:45:21.163 [main] PlatformDependent - org.jctools-core.MpscChunkedArrayQueue: available
[DEBUG] 2022-07-17 12:45:21.200 [main] InternalThreadLocalMap - -Dio.netty.threadLocalMap.stringBuilder.initialSize: 1024
[DEBUG] 2022-07-17 12:45:21.201 [main] InternalThreadLocalMap - -Dio.netty.threadLocalMap.stringBuilder.maxSize: 4096
[DEBUG] 2022-07-17 12:45:21.313 [main] JdkSslContext - Default protocols (JDK): [TLSv1.3, TLSv1.2] 
[DEBUG] 2022-07-17 12:45:21.313 [main] JdkSslContext - Default cipher suites (JDK): [TLS_ECDHE_ECDSA_WITH_AES_256_GCM_SHA384, TLS_ECDHE_ECDSA_WITH_AES_128_GCM_SHA256, TLS_ECDHE_RSA_WITH_AES_128_GCM_SHA256, TLS_ECDHE_RSA_WITH_AES_256_GCM_SHA384, TLS_ECDHE_RSA_WITH_AES_128_CBC_SHA, TLS_ECDHE_RSA_WITH_AES_256_CBC_SHA, TLS_RSA_WITH_AES_128_GCM_SHA256, TLS_RSA_WITH_AES_128_CBC_SHA, TLS_RSA_WITH_AES_256_CBC_SHA, TLS_AES_128_GCM_SHA256, TLS_AES_256_GCM_SHA384]
[DEBUG] 2022-07-17 12:45:21.382 [main] MultithreadEventLoopGroup - -Dio.netty.eventLoopThreads: 8
[DEBUG] 2022-07-17 12:45:21.403 [main] NioEventLoop - -Dio.netty.noKeySetOptimization: false
[DEBUG] 2022-07-17 12:45:21.403 [main] NioEventLoop - -Dio.netty.selectorAutoRebuildThreshold: 512
[TRACE] 2022-07-17 12:45:21.422 [main] NioEventLoop - instrumented a special java.util.Set into: sun.nio.ch.WEPollSelectorImpl@497aec8c
[TRACE] 2022-07-17 12:45:21.424 [main] NioEventLoop - instrumented a special java.util.Set into: sun.nio.ch.WEPollSelectorImpl@35e8316e
[TRACE] 2022-07-17 12:45:21.426 [main] NioEventLoop - instrumented a special java.util.Set into: sun.nio.ch.WEPollSelectorImpl@26d96e5
[TRACE] 2022-07-17 12:45:21.428 [main] NioEventLoop - instrumented a special java.util.Set into: sun.nio.ch.WEPollSelectorImpl@336880df
[TRACE] 2022-07-17 12:45:21.430 [main] NioEventLoop - instrumented a special java.util.Set into: sun.nio.ch.WEPollSelectorImpl@1846579f
[TRACE] 2022-07-17 12:45:21.432 [main] NioEventLoop - instrumented a special java.util.Set into: sun.nio.ch.WEPollSelectorImpl@6cd166b8
[TRACE] 2022-07-17 12:45:21.434 [main] NioEventLoop - instrumented a special java.util.Set into: sun.nio.ch.WEPollSelectorImpl@2650f79
[TRACE] 2022-07-17 12:45:21.436 [main] NioEventLoop - instrumented a special java.util.Set into: sun.nio.ch.WEPollSelectorImpl@75fc1992
[DEBUG] 2022-07-17 12:45:21.461 [main] PooledByteBufAllocator - -Dio.netty.allocator.numHeapArenas: 8
[DEBUG] 2022-07-17 12:45:21.461 [main] PooledByteBufAllocator - -Dio.netty.allocator.numDirectArenas: 8
[DEBUG] 2022-07-17 12:45:21.461 [main] PooledByteBufAllocator - -Dio.netty.allocator.pageSize: 8192
[DEBUG] 2022-07-17 12:45:21.461 [main] PooledByteBufAllocator - -Dio.netty.allocator.maxOrder: 9
[DEBUG] 2022-07-17 12:45:21.461 [main] PooledByteBufAllocator - -Dio.netty.allocator.chunkSize: 4194304
[DEBUG] 2022-07-17 12:45:21.461 [main] PooledByteBufAllocator - -Dio.netty.allocator.smallCacheSize: 256
[DEBUG] 2022-07-17 12:45:21.461 [main] PooledByteBufAllocator - -Dio.netty.allocator.normalCacheSize: 64
[DEBUG] 2022-07-17 12:45:21.461 [main] PooledByteBufAllocator - -Dio.netty.allocator.maxCachedBufferCapacity: 32768
[DEBUG] 2022-07-17 12:45:21.462 [main] PooledByteBufAllocator - -Dio.netty.allocator.cacheTrimInterval: 8192
[DEBUG] 2022-07-17 12:45:21.462 [main] PooledByteBufAllocator - -Dio.netty.allocator.cacheTrimIntervalMillis: 0
[DEBUG] 2022-07-17 12:45:21.462 [main] PooledByteBufAllocator - -Dio.netty.allocator.useCacheForAllThreads: false
[DEBUG] 2022-07-17 12:45:21.462 [main] PooledByteBufAllocator - -Dio.netty.allocator.maxCachedByteBuffersPerChunk: 1023
[DEBUG] 2022-07-17 12:45:21.475 [main] ByteBufUtil - -Dio.netty.allocator.type: pooled
[DEBUG] 2022-07-17 12:45:21.476 [main] ByteBufUtil - -Dio.netty.threadLocalDirectBufferSize: 0
[DEBUG] 2022-07-17 12:45:21.476 [main] ByteBufUtil - -Dio.netty.maxThreadLocalCharBufferSize: 16384
[DEBUG] 2022-07-17 12:45:22.275 [Forwarding newSession on session null to remote] DefaultChannelId - -Dio.netty.processId: 9164 (auto-detected)
[DEBUG] 2022-07-17 12:45:22.279 [Forwarding newSession on session null to remote] NetUtil - -Djava.net.preferIPv4Stack: false
[DEBUG] 2022-07-17 12:45:22.279 [Forwarding newSession on session null to remote] NetUtil - -Djava.net.preferIPv6Addresses: false
[DEBUG] 2022-07-17 12:45:22.294 [Forwarding newSession on session null to remote] NetUtilInitializations - Loopback interface: lo (Software Loopback Interface 1, 127.0.0.1)
[DEBUG] 2022-07-17 12:45:22.295 [Forwarding newSession on session null to remote] NetUtil - Failed to get SOMAXCONN from sysctl and file \proc\sys\net\core\somaxconn. Default: 200
[DEBUG] 2022-07-17 12:45:22.364 [Forwarding newSession on session null to remote] DefaultChannelId - -Dio.netty.machineId: 34:f3:9a:ff:fe:2f:e4:f0 (auto-detected)
[DEBUG] 2022-07-17 12:45:22.460 [AsyncHttpClient-1-2] AbstractByteBuf - -Dio.netty.buffer.checkAccessible: true
[DEBUG] 2022-07-17 12:45:22.460 [AsyncHttpClient-1-2] AbstractByteBuf - -Dio.netty.buffer.checkBounds: true
[DEBUG] 2022-07-17 12:45:22.460 [AsyncHttpClient-1-2] ResourceLeakDetectorFactory - Loaded default ResourceLeakDetector: io.netty.util.ResourceLeakDetector@22a1008b
[DEBUG] 2022-07-17 12:45:22.502 [AsyncHttpClient-1-2] Recycler - -Dio.netty.recycler.maxCapacityPerThread: 4096
[DEBUG] 2022-07-17 12:45:22.502 [AsyncHttpClient-1-2] Recycler - -Dio.netty.recycler.ratio: 8
[DEBUG] 2022-07-17 12:45:22.502 [AsyncHttpClient-1-2] Recycler - -Dio.netty.recycler.chunkSize: 32
[DEBUG] 2022-07-17 12:45:22.502 [AsyncHttpClient-1-2] Recycler - -Dio.netty.recycler.blocking: false
[DEBUG] 2022-07-17 12:45:23.632 [AsyncHttpClient-1-2] Brotli - brotli4j not in the classpath; Brotli support will be unavailable.
[DEBUG] 2022-07-17 12:45:23.809 [main] ThreadLocalRandom - -Dio.netty.initialSeedUniquifier: 0x0e8e22802f0f6a97
[TRACE] 2022-07-17 12:45:49.371 [AsyncHttpClient-1-4] WebSocket08FrameEncoder - Encoding WebSocket Frame opCode=8 length=26
[DEBUG] 2022-07-17 13:39:13.276 [main] PackageRelationshipCollection - Parsing relationship: /xl/_rels/workbook.xml.rels
[DEBUG] 2022-07-17 13:39:13.289 [main] PackageRelationshipCollection - Parsing relationship: /_rels/.rels
[TRACE] 2022-07-17 13:39:13.775 [main] XBeanDebug - Loading type system org.apache.poi.schemas.ooxml.system.ooxml
[TRACE] 2022-07-17 13:39:13.782 [main] XBeanDebug - Loading type system org.apache.xmlbeans.metadata.system.sXMLCONFIG
[TRACE] 2022-07-17 13:39:13.785 [main] XBeanDebug - Loading type system org.apache.xmlbeans.metadata.system.sXMLLANG
[TRACE] 2022-07-17 13:39:13.788 [main] XBeanDebug - Loading type system org.apache.xmlbeans.metadata.system.sXMLSCHEMA
[TRACE] 2022-07-17 13:39:13.794 [main] XBeanDebug - Loading type system org.apache.xmlbeans.metadata.system.sXMLTOOLS
[TRACE] 2022-07-17 13:39:13.801 [main] XBeanDebug - Reading unresolved handles for type system org.apache.xmlbeans.metadata.system.sXMLTOOLS
[TRACE] 2022-07-17 13:39:13.830 [main] XBeanDebug - Finished loading type system org.apache.xmlbeans.metadata.system.sXMLTOOLS
[TRACE] 2022-07-17 13:39:13.831 [main] XBeanDebug - Reading unresolved handles for type system org.apache.xmlbeans.metadata.system.sXMLSCHEMA
[TRACE] 2022-07-17 13:39:13.853 [main] XBeanDebug - Finished loading type system org.apache.xmlbeans.metadata.system.sXMLSCHEMA
[TRACE] 2022-07-17 13:39:13.855 [main] XBeanDebug - Reading unresolved handles for type system org.apache.xmlbeans.metadata.system.sXMLLANG
[TRACE] 2022-07-17 13:39:13.858 [main] XBeanDebug - Finished loading type system org.apache.xmlbeans.metadata.system.sXMLLANG
[TRACE] 2022-07-17 13:39:13.859 [main] XBeanDebug - Reading unresolved handles for type system org.apache.xmlbeans.metadata.system.sXMLCONFIG
[TRACE] 2022-07-17 13:39:13.862 [main] XBeanDebug - Finished loading type system org.apache.xmlbeans.metadata.system.sXMLCONFIG
[TRACE] 2022-07-17 13:39:13.865 [main] XBeanDebug - Reading unresolved handles for type system org.apache.poi.schemas.ooxml.system.ooxml
[TRACE] 2022-07-17 13:39:14.072 [main] XBeanDebug - Finished loading type system org.apache.poi.schemas.ooxml.system.ooxml
[TRACE] 2022-07-17 13:39:14.075 [main] XBeanDebug - Resolving type for handle themefd26doctype
[TRACE] 2022-07-17 13:39:14.319 [main] XBeanDebug - Resolving type for handle stylesheet5d8bdoctype
[TRACE] 2022-07-17 13:39:14.338 [main] XBeanDebug - Resolving type for handle ctstylesheet4257type
[TRACE] 2022-07-17 13:39:14.351 [main] XBeanDebug - Resolving type for handle ctfonts6623type
[TRACE] 2022-07-17 13:39:14.358 [main] XBeanDebug - Resolving type for handle ctfont14d8type
[TRACE] 2022-07-17 13:39:14.374 [main] XBeanDebug - Resolving type for handle ctfills2c6ftype
[TRACE] 2022-07-17 13:39:14.382 [main] XBeanDebug - Resolving type for handle ctfill550ctype
[TRACE] 2022-07-17 13:39:14.391 [main] XBeanDebug - Resolving type for handle ctborders0d66type
[TRACE] 2022-07-17 13:39:14.404 [main] XBeanDebug - Resolving type for handle ctborderf935type
[TRACE] 2022-07-17 13:39:14.419 [main] XBeanDebug - Resolving type for handle ctcellxfs1322type
[TRACE] 2022-07-17 13:39:14.429 [main] XBeanDebug - Resolving type for handle ctxf97f7type
[TRACE] 2022-07-17 13:39:14.439 [main] XBeanDebug - Resolving type for handle ctcellstylexfsa81ftype
[TRACE] 2022-07-17 13:39:14.447 [main] XBeanDebug - Resolving type for handle ctdxfsb26atype
[TRACE] 2022-07-17 13:39:14.454 [main] XBeanDebug - Resolving type for handle cttablestyles872ftype
[TRACE] 2022-07-17 13:39:14.468 [main] XBeanDebug - Resolving type for handle sstf81fdoctype
[TRACE] 2022-07-17 13:39:14.477 [main] XBeanDebug - Resolving type for handle ctsst44f3type
[TRACE] 2022-07-17 13:39:14.498 [main] XBeanDebug - Resolving type for handle ctrsta472type
[TRACE] 2022-07-17 13:39:14.546 [main] XBeanDebug - Resolving type for handle workbookec17doctype
[TRACE] 2022-07-17 13:39:14.572 [main] XBeanDebug - Resolving type for handle ctworkbook83c3type
[TRACE] 2022-07-17 13:39:14.586 [main] XBeanDebug - Resolving type for handle ctsheets49fdtype
[TRACE] 2022-07-17 13:39:14.591 [main] XBeanDebug - Resolving type for handle ctsheet4dbetype
[TRACE] 2022-07-17 13:39:14.595 [main] XBeanDebug - Resolving type for handle strelationshipid1e94type
[TRACE] 2022-07-17 13:39:14.602 [main] XBeanDebug - Resolving type for handle worksheetf539doctype
[TRACE] 2022-07-17 13:39:14.617 [main] XBeanDebug - Resolving type for handle ctworksheet530dtype
[TRACE] 2022-07-17 13:39:14.636 [main] XBeanDebug - Resolving type for handle ctsheetdata8408type
[TRACE] 2022-07-17 13:39:14.650 [main] XBeanDebug - Resolving type for handle ctrowdd39type
[TRACE] 2022-07-17 13:39:14.660 [main] XBeanDebug - Resolving type for handle ctcell842btype
[TRACE] 2022-07-17 13:39:14.674 [main] XBeanDebug - Resolving type for handle stcellrefe4e0type
[TRACE] 2022-07-17 13:39:14.690 [main] XBeanDebug - Resolving type for handle ctcols627ctype
[TRACE] 2022-07-17 13:39:14.702 [main] XBeanDebug - Resolving type for handle ctcola95ftype
[TRACE] 2022-07-17 13:39:14.757 [main] XBeanDebug - Resolving type for handle stxstringf179type
[DEBUG] 2022-07-17 13:53:55.354 [main] PackageRelationshipCollection - Parsing relationship: /xl/_rels/workbook.xml.rels
[DEBUG] 2022-07-17 13:53:55.368 [main] PackageRelationshipCollection - Parsing relationship: /_rels/.rels
[TRACE] 2022-07-17 13:53:55.760 [main] XBeanDebug - Loading type system org.apache.poi.schemas.ooxml.system.ooxml
[TRACE] 2022-07-17 13:53:55.772 [main] XBeanDebug - Loading type system org.apache.xmlbeans.metadata.system.sXMLCONFIG
[TRACE] 2022-07-17 13:53:55.776 [main] XBeanDebug - Loading type system org.apache.xmlbeans.metadata.system.sXMLLANG
[TRACE] 2022-07-17 13:53:55.782 [main] XBeanDebug - Loading type system org.apache.xmlbeans.metadata.system.sXMLSCHEMA
[TRACE] 2022-07-17 13:53:55.794 [main] XBeanDebug - Loading type system org.apache.xmlbeans.metadata.system.sXMLTOOLS
[TRACE] 2022-07-17 13:53:55.796 [main] XBeanDebug - Reading unresolved handles for type system org.apache.xmlbeans.metadata.system.sXMLTOOLS
[TRACE] 2022-07-17 13:53:55.828 [main] XBeanDebug - Finished loading type system org.apache.xmlbeans.metadata.system.sXMLTOOLS
[TRACE] 2022-07-17 13:53:55.829 [main] XBeanDebug - Reading unresolved handles for type system org.apache.xmlbeans.metadata.system.sXMLSCHEMA
[TRACE] 2022-07-17 13:53:55.851 [main] XBeanDebug - Finished loading type system org.apache.xmlbeans.metadata.system.sXMLSCHEMA
[TRACE] 2022-07-17 13:53:55.852 [main] XBeanDebug - Reading unresolved handles for type system org.apache.xmlbeans.metadata.system.sXMLLANG
[TRACE] 2022-07-17 13:53:55.856 [main] XBeanDebug - Finished loading type system org.apache.xmlbeans.metadata.system.sXMLLANG
[TRACE] 2022-07-17 13:53:55.858 [main] XBeanDebug - Reading unresolved handles for type system org.apache.xmlbeans.metadata.system.sXMLCONFIG
[TRACE] 2022-07-17 13:53:55.860 [main] XBeanDebug - Finished loading type system org.apache.xmlbeans.metadata.system.sXMLCONFIG
[TRACE] 2022-07-17 13:53:55.864 [main] XBeanDebug - Reading unresolved handles for type system org.apache.poi.schemas.ooxml.system.ooxml
[TRACE] 2022-07-17 13:53:56.029 [main] XBeanDebug - Finished loading type system org.apache.poi.schemas.ooxml.system.ooxml
[TRACE] 2022-07-17 13:53:56.031 [main] XBeanDebug - Resolving type for handle themefd26doctype
[TRACE] 2022-07-17 13:53:56.261 [main] XBeanDebug - Resolving type for handle stylesheet5d8bdoctype
[TRACE] 2022-07-17 13:53:56.273 [main] XBeanDebug - Resolving type for handle ctstylesheet4257type
[TRACE] 2022-07-17 13:53:56.282 [main] XBeanDebug - Resolving type for handle ctfonts6623type
[TRACE] 2022-07-17 13:53:56.286 [main] XBeanDebug - Resolving type for handle ctfont14d8type
[TRACE] 2022-07-17 13:53:56.301 [main] XBeanDebug - Resolving type for handle ctfills2c6ftype
[TRACE] 2022-07-17 13:53:56.304 [main] XBeanDebug - Resolving type for handle ctfill550ctype
[TRACE] 2022-07-17 13:53:56.310 [main] XBeanDebug - Resolving type for handle ctborders0d66type
[TRACE] 2022-07-17 13:53:56.316 [main] XBeanDebug - Resolving type for handle ctborderf935type
[TRACE] 2022-07-17 13:53:56.320 [main] XBeanDebug - Resolving type for handle ctcellxfs1322type
[TRACE] 2022-07-17 13:53:56.325 [main] XBeanDebug - Resolving type for handle ctxf97f7type
[TRACE] 2022-07-17 13:53:56.330 [main] XBeanDebug - Resolving type for handle ctcellstylexfsa81ftype
[TRACE] 2022-07-17 13:53:56.333 [main] XBeanDebug - Resolving type for handle ctdxfsb26atype
[TRACE] 2022-07-17 13:53:56.337 [main] XBeanDebug - Resolving type for handle cttablestyles872ftype
[TRACE] 2022-07-17 13:53:56.343 [main] XBeanDebug - Resolving type for handle sstf81fdoctype
[TRACE] 2022-07-17 13:53:56.351 [main] XBeanDebug - Resolving type for handle ctsst44f3type
[TRACE] 2022-07-17 13:53:56.367 [main] XBeanDebug - Resolving type for handle ctrsta472type
[TRACE] 2022-07-17 13:53:56.419 [main] XBeanDebug - Resolving type for handle workbookec17doctype
[TRACE] 2022-07-17 13:53:56.434 [main] XBeanDebug - Resolving type for handle ctworkbook83c3type
[TRACE] 2022-07-17 13:53:56.448 [main] XBeanDebug - Resolving type for handle ctsheets49fdtype
[TRACE] 2022-07-17 13:53:56.452 [main] XBeanDebug - Resolving type for handle ctsheet4dbetype
[TRACE] 2022-07-17 13:53:56.456 [main] XBeanDebug - Resolving type for handle strelationshipid1e94type
[TRACE] 2022-07-17 13:53:56.459 [main] XBeanDebug - Resolving type for handle worksheetf539doctype
[TRACE] 2022-07-17 13:53:56.467 [main] XBeanDebug - Resolving type for handle ctworksheet530dtype
[TRACE] 2022-07-17 13:53:56.488 [main] XBeanDebug - Resolving type for handle ctsheetdata8408type
[TRACE] 2022-07-17 13:53:56.493 [main] XBeanDebug - Resolving type for handle ctrowdd39type
[TRACE] 2022-07-17 13:53:56.510 [main] XBeanDebug - Resolving type for handle ctcell842btype
[TRACE] 2022-07-17 13:53:56.522 [main] XBeanDebug - Resolving type for handle stcellrefe4e0type
[TRACE] 2022-07-17 13:53:56.539 [main] XBeanDebug - Resolving type for handle ctcols627ctype
[TRACE] 2022-07-17 13:53:56.552 [main] XBeanDebug - Resolving type for handle ctcola95ftype
[TRACE] 2022-07-17 13:53:56.608 [main] XBeanDebug - Resolving type for handle stxstringf179type
[DEBUG] 2022-07-17 13:53:56.641 [main] PackageRelationshipCollection - Parsing relationship: /xl/_rels/workbook.xml.rels
[DEBUG] 2022-07-17 13:53:56.645 [main] PackageRelationshipCollection - Parsing relationship: /_rels/.rels
[TRACE] 2022-07-17 13:53:56.703 [main] XBeanDebug - Resolving type for handle stcelltypebf95type
[DEBUG] 2022-07-17 13:56:09.589 [main] PackageRelationshipCollection - Parsing relationship: /xl/_rels/workbook.xml.rels
[DEBUG] 2022-07-17 13:56:09.605 [main] PackageRelationshipCollection - Parsing relationship: /_rels/.rels
[TRACE] 2022-07-17 13:56:10.055 [main] XBeanDebug - Loading type system org.apache.poi.schemas.ooxml.system.ooxml
[TRACE] 2022-07-17 13:56:10.063 [main] XBeanDebug - Loading type system org.apache.xmlbeans.metadata.system.sXMLCONFIG
[TRACE] 2022-07-17 13:56:10.066 [main] XBeanDebug - Loading type system org.apache.xmlbeans.metadata.system.sXMLLANG
[TRACE] 2022-07-17 13:56:10.068 [main] XBeanDebug - Loading type system org.apache.xmlbeans.metadata.system.sXMLSCHEMA
[TRACE] 2022-07-17 13:56:10.071 [main] XBeanDebug - Loading type system org.apache.xmlbeans.metadata.system.sXMLTOOLS
[TRACE] 2022-07-17 13:56:10.074 [main] XBeanDebug - Reading unresolved handles for type system org.apache.xmlbeans.metadata.system.sXMLTOOLS
[TRACE] 2022-07-17 13:56:10.108 [main] XBeanDebug - Finished loading type system org.apache.xmlbeans.metadata.system.sXMLTOOLS
[TRACE] 2022-07-17 13:56:10.108 [main] XBeanDebug - Reading unresolved handles for type system org.apache.xmlbeans.metadata.system.sXMLSCHEMA
[TRACE] 2022-07-17 13:56:10.121 [main] XBeanDebug - Finished loading type system org.apache.xmlbeans.metadata.system.sXMLSCHEMA
[TRACE] 2022-07-17 13:56:10.123 [main] XBeanDebug - Reading unresolved handles for type system org.apache.xmlbeans.metadata.system.sXMLLANG
[TRACE] 2022-07-17 13:56:10.125 [main] XBeanDebug - Finished loading type system org.apache.xmlbeans.metadata.system.sXMLLANG
[TRACE] 2022-07-17 13:56:10.128 [main] XBeanDebug - Reading unresolved handles for type system org.apache.xmlbeans.metadata.system.sXMLCONFIG
[TRACE] 2022-07-17 13:56:10.130 [main] XBeanDebug - Finished loading type system org.apache.xmlbeans.metadata.system.sXMLCONFIG
[TRACE] 2022-07-17 13:56:10.134 [main] XBeanDebug - Reading unresolved handles for type system org.apache.poi.schemas.ooxml.system.ooxml
[TRACE] 2022-07-17 13:56:10.319 [main] XBeanDebug - Finished loading type system org.apache.poi.schemas.ooxml.system.ooxml
[TRACE] 2022-07-17 13:56:10.321 [main] XBeanDebug - Resolving type for handle themefd26doctype
[TRACE] 2022-07-17 13:56:10.605 [main] XBeanDebug - Resolving type for handle stylesheet5d8bdoctype
[TRACE] 2022-07-17 13:56:10.625 [main] XBeanDebug - Resolving type for handle ctstylesheet4257type
[TRACE] 2022-07-17 13:56:10.635 [main] XBeanDebug - Resolving type for handle ctfonts6623type
[TRACE] 2022-07-17 13:56:10.640 [main] XBeanDebug - Resolving type for handle ctfont14d8type
[TRACE] 2022-07-17 13:56:10.652 [main] XBeanDebug - Resolving type for handle ctfills2c6ftype
[TRACE] 2022-07-17 13:56:10.658 [main] XBeanDebug - Resolving type for handle ctfill550ctype
[TRACE] 2022-07-17 13:56:10.664 [main] XBeanDebug - Resolving type for handle ctborders0d66type
[TRACE] 2022-07-17 13:56:10.678 [main] XBeanDebug - Resolving type for handle ctborderf935type
[TRACE] 2022-07-17 13:56:10.689 [main] XBeanDebug - Resolving type for handle ctcellxfs1322type
[TRACE] 2022-07-17 13:56:10.696 [main] XBeanDebug - Resolving type for handle ctxf97f7type
[TRACE] 2022-07-17 13:56:10.706 [main] XBeanDebug - Resolving type for handle ctcellstylexfsa81ftype
[TRACE] 2022-07-17 13:56:10.725 [main] XBeanDebug - Resolving type for handle ctdxfsb26atype
[TRACE] 2022-07-17 13:56:10.736 [main] XBeanDebug - Resolving type for handle cttablestyles872ftype
[TRACE] 2022-07-17 13:56:10.744 [main] XBeanDebug - Resolving type for handle sstf81fdoctype
[TRACE] 2022-07-17 13:56:10.753 [main] XBeanDebug - Resolving type for handle ctsst44f3type
[TRACE] 2022-07-17 13:56:10.779 [main] XBeanDebug - Resolving type for handle ctrsta472type
[TRACE] 2022-07-17 13:56:10.830 [main] XBeanDebug - Resolving type for handle workbookec17doctype
[TRACE] 2022-07-17 13:56:10.840 [main] XBeanDebug - Resolving type for handle ctworkbook83c3type
[TRACE] 2022-07-17 13:56:10.852 [main] XBeanDebug - Resolving type for handle ctsheets49fdtype
[TRACE] 2022-07-17 13:56:10.858 [main] XBeanDebug - Resolving type for handle ctsheet4dbetype
[TRACE] 2022-07-17 13:56:10.864 [main] XBeanDebug - Resolving type for handle strelationshipid1e94type
[TRACE] 2022-07-17 13:56:10.880 [main] XBeanDebug - Resolving type for handle worksheetf539doctype
[TRACE] 2022-07-17 13:56:10.925 [main] XBeanDebug - Resolving type for handle ctworksheet530dtype
[TRACE] 2022-07-17 13:56:10.944 [main] XBeanDebug - Resolving type for handle ctsheetdata8408type
[TRACE] 2022-07-17 13:56:10.949 [main] XBeanDebug - Resolving type for handle ctrowdd39type
[TRACE] 2022-07-17 13:56:10.960 [main] XBeanDebug - Resolving type for handle ctcell842btype
[TRACE] 2022-07-17 13:56:10.974 [main] XBeanDebug - Resolving type for handle stcellrefe4e0type
[TRACE] 2022-07-17 13:56:10.991 [main] XBeanDebug - Resolving type for handle ctcols627ctype
[TRACE] 2022-07-17 13:56:11.004 [main] XBeanDebug - Resolving type for handle ctcola95ftype
[TRACE] 2022-07-17 13:56:11.076 [main] XBeanDebug - Resolving type for handle stxstringf179type
[DEBUG] 2022-07-17 13:56:11.148 [main] PackageRelationshipCollection - Parsing relationship: /xl/_rels/workbook.xml.rels
[DEBUG] 2022-07-17 13:56:11.151 [main] PackageRelationshipCollection - Parsing relationship: /_rels/.rels
[TRACE] 2022-07-17 13:56:11.236 [main] XBeanDebug - Resolving type for handle stcelltypebf95type
[DEBUG] 2022-07-17 14:02:14.429 [main] PackageRelationshipCollection - Parsing relationship: /xl/_rels/workbook.xml.rels
[DEBUG] 2022-07-17 14:02:14.443 [main] PackageRelationshipCollection - Parsing relationship: /_rels/.rels
[TRACE] 2022-07-17 14:02:14.844 [main] XBeanDebug - Loading type system org.apache.poi.schemas.ooxml.system.ooxml
[TRACE] 2022-07-17 14:02:14.849 [main] XBeanDebug - Loading type system org.apache.xmlbeans.metadata.system.sXMLCONFIG
[TRACE] 2022-07-17 14:02:14.852 [main] XBeanDebug - Loading type system org.apache.xmlbeans.metadata.system.sXMLLANG
[TRACE] 2022-07-17 14:02:14.855 [main] XBeanDebug - Loading type system org.apache.xmlbeans.metadata.system.sXMLSCHEMA
[TRACE] 2022-07-17 14:02:14.858 [main] XBeanDebug - Loading type system org.apache.xmlbeans.metadata.system.sXMLTOOLS
[TRACE] 2022-07-17 14:02:14.861 [main] XBeanDebug - Reading unresolved handles for type system org.apache.xmlbeans.metadata.system.sXMLTOOLS
[TRACE] 2022-07-17 14:02:14.889 [main] XBeanDebug - Finished loading type system org.apache.xmlbeans.metadata.system.sXMLTOOLS
[TRACE] 2022-07-17 14:02:14.890 [main] XBeanDebug - Reading unresolved handles for type system org.apache.xmlbeans.metadata.system.sXMLSCHEMA
[TRACE] 2022-07-17 14:02:14.913 [main] XBeanDebug - Finished loading type system org.apache.xmlbeans.metadata.system.sXMLSCHEMA
[TRACE] 2022-07-17 14:02:14.914 [main] XBeanDebug - Reading unresolved handles for type system org.apache.xmlbeans.metadata.system.sXMLLANG
[TRACE] 2022-07-17 14:02:14.916 [main] XBeanDebug - Finished loading type system org.apache.xmlbeans.metadata.system.sXMLLANG
[TRACE] 2022-07-17 14:02:14.917 [main] XBeanDebug - Reading unresolved handles for type system org.apache.xmlbeans.metadata.system.sXMLCONFIG
[TRACE] 2022-07-17 14:02:14.919 [main] XBeanDebug - Finished loading type system org.apache.xmlbeans.metadata.system.sXMLCONFIG
[TRACE] 2022-07-17 14:02:14.921 [main] XBeanDebug - Reading unresolved handles for type system org.apache.poi.schemas.ooxml.system.ooxml
[TRACE] 2022-07-17 14:02:15.082 [main] XBeanDebug - Finished loading type system org.apache.poi.schemas.ooxml.system.ooxml
[TRACE] 2022-07-17 14:02:15.085 [main] XBeanDebug - Resolving type for handle themefd26doctype
[TRACE] 2022-07-17 14:02:15.265 [main] XBeanDebug - Resolving type for handle stylesheet5d8bdoctype
[TRACE] 2022-07-17 14:02:15.291 [main] XBeanDebug - Resolving type for handle ctstylesheet4257type
[TRACE] 2022-07-17 14:02:15.304 [main] XBeanDebug - Resolving type for handle ctfonts6623type
[TRACE] 2022-07-17 14:02:15.311 [main] XBeanDebug - Resolving type for handle ctfont14d8type
[TRACE] 2022-07-17 14:02:15.322 [main] XBeanDebug - Resolving type for handle ctfills2c6ftype
[TRACE] 2022-07-17 14:02:15.326 [main] XBeanDebug - Resolving type for handle ctfill550ctype
[TRACE] 2022-07-17 14:02:15.332 [main] XBeanDebug - Resolving type for handle ctborders0d66type
[TRACE] 2022-07-17 14:02:15.339 [main] XBeanDebug - Resolving type for handle ctborderf935type
[TRACE] 2022-07-17 14:02:15.348 [main] XBeanDebug - Resolving type for handle ctcellxfs1322type
[TRACE] 2022-07-17 14:02:15.352 [main] XBeanDebug - Resolving type for handle ctxf97f7type
[TRACE] 2022-07-17 14:02:15.358 [main] XBeanDebug - Resolving type for handle ctcellstylexfsa81ftype
[TRACE] 2022-07-17 14:02:15.361 [main] XBeanDebug - Resolving type for handle ctdxfsb26atype
[TRACE] 2022-07-17 14:02:15.365 [main] XBeanDebug - Resolving type for handle cttablestyles872ftype
[TRACE] 2022-07-17 14:02:15.371 [main] XBeanDebug - Resolving type for handle sstf81fdoctype
[TRACE] 2022-07-17 14:02:15.380 [main] XBeanDebug - Resolving type for handle ctsst44f3type
[TRACE] 2022-07-17 14:02:15.397 [main] XBeanDebug - Resolving type for handle ctrsta472type
[TRACE] 2022-07-17 14:02:15.443 [main] XBeanDebug - Resolving type for handle workbookec17doctype
[TRACE] 2022-07-17 14:02:15.456 [main] XBeanDebug - Resolving type for handle ctworkbook83c3type
[TRACE] 2022-07-17 14:02:15.469 [main] XBeanDebug - Resolving type for handle ctsheets49fdtype
[TRACE] 2022-07-17 14:02:15.474 [main] XBeanDebug - Resolving type for handle ctsheet4dbetype
[TRACE] 2022-07-17 14:02:15.478 [main] XBeanDebug - Resolving type for handle strelationshipid1e94type
[TRACE] 2022-07-17 14:02:15.481 [main] XBeanDebug - Resolving type for handle worksheetf539doctype
[TRACE] 2022-07-17 14:02:15.494 [main] XBeanDebug - Resolving type for handle ctworksheet530dtype
[TRACE] 2022-07-17 14:02:15.522 [main] XBeanDebug - Resolving type for handle ctsheetdata8408type
[TRACE] 2022-07-17 14:02:15.527 [main] XBeanDebug - Resolving type for handle ctrowdd39type
[TRACE] 2022-07-17 14:02:15.543 [main] XBeanDebug - Resolving type for handle ctcell842btype
[TRACE] 2022-07-17 14:02:15.557 [main] XBeanDebug - Resolving type for handle stcellrefe4e0type
[TRACE] 2022-07-17 14:02:15.571 [main] XBeanDebug - Resolving type for handle ctcols627ctype
[TRACE] 2022-07-17 14:02:15.584 [main] XBeanDebug - Resolving type for handle ctcola95ftype
[TRACE] 2022-07-17 14:02:15.634 [main] XBeanDebug - Resolving type for handle stxstringf179type
[DEBUG] 2022-07-17 14:02:15.666 [main] PackageRelationshipCollection - Parsing relationship: /xl/_rels/workbook.xml.rels
[DEBUG] 2022-07-17 14:02:15.671 [main] PackageRelationshipCollection - Parsing relationship: /_rels/.rels
[TRACE] 2022-07-17 14:02:15.749 [main] XBeanDebug - Resolving type for handle stcelltypebf95type
[DEBUG] 2022-07-17 14:02:15.817 [main] PackageRelationshipCollection - Parsing relationship: /xl/_rels/workbook.xml.rels
[DEBUG] 2022-07-17 14:02:15.832 [main] PackageRelationshipCollection - Parsing relationship: /_rels/.rels
[DEBUG] 2022-07-17 14:16:24.876 [main] PackageRelationshipCollection - Parsing relationship: /xl/_rels/workbook.xml.rels
[DEBUG] 2022-07-17 14:16:24.894 [main] PackageRelationshipCollection - Parsing relationship: /_rels/.rels
[TRACE] 2022-07-17 14:16:25.362 [main] XBeanDebug - Loading type system org.apache.poi.schemas.ooxml.system.ooxml
[TRACE] 2022-07-17 14:16:25.369 [main] XBeanDebug - Loading type system org.apache.xmlbeans.metadata.system.sXMLCONFIG
[TRACE] 2022-07-17 14:16:25.372 [main] XBeanDebug - Loading type system org.apache.xmlbeans.metadata.system.sXMLLANG
[TRACE] 2022-07-17 14:16:25.375 [main] XBeanDebug - Loading type system org.apache.xmlbeans.metadata.system.sXMLSCHEMA
[TRACE] 2022-07-17 14:16:25.378 [main] XBeanDebug - Loading type system org.apache.xmlbeans.metadata.system.sXMLTOOLS
[TRACE] 2022-07-17 14:16:25.381 [main] XBeanDebug - Reading unresolved handles for type system org.apache.xmlbeans.metadata.system.sXMLTOOLS
[TRACE] 2022-07-17 14:16:25.415 [main] XBeanDebug - Finished loading type system org.apache.xmlbeans.metadata.system.sXMLTOOLS
[TRACE] 2022-07-17 14:16:25.416 [main] XBeanDebug - Reading unresolved handles for type system org.apache.xmlbeans.metadata.system.sXMLSCHEMA
[TRACE] 2022-07-17 14:16:25.434 [main] XBeanDebug - Finished loading type system org.apache.xmlbeans.metadata.system.sXMLSCHEMA
[TRACE] 2022-07-17 14:16:25.435 [main] XBeanDebug - Reading unresolved handles for type system org.apache.xmlbeans.metadata.system.sXMLLANG
[TRACE] 2022-07-17 14:16:25.438 [main] XBeanDebug - Finished loading type system org.apache.xmlbeans.metadata.system.sXMLLANG
[TRACE] 2022-07-17 14:16:25.440 [main] XBeanDebug - Reading unresolved handles for type system org.apache.xmlbeans.metadata.system.sXMLCONFIG
[TRACE] 2022-07-17 14:16:25.443 [main] XBeanDebug - Finished loading type system org.apache.xmlbeans.metadata.system.sXMLCONFIG
[TRACE] 2022-07-17 14:16:25.446 [main] XBeanDebug - Reading unresolved handles for type system org.apache.poi.schemas.ooxml.system.ooxml
[TRACE] 2022-07-17 14:16:25.685 [main] XBeanDebug - Finished loading type system org.apache.poi.schemas.ooxml.system.ooxml
[TRACE] 2022-07-17 14:16:25.688 [main] XBeanDebug - Resolving type for handle themefd26doctype
[TRACE] 2022-07-17 14:16:25.918 [main] XBeanDebug - Resolving type for handle stylesheet5d8bdoctype
[TRACE] 2022-07-17 14:16:25.941 [main] XBeanDebug - Resolving type for handle ctstylesheet4257type
[TRACE] 2022-07-17 14:16:25.954 [main] XBeanDebug - Resolving type for handle ctfonts6623type
[TRACE] 2022-07-17 14:16:25.960 [main] XBeanDebug - Resolving type for handle ctfont14d8type
[TRACE] 2022-07-17 14:16:25.976 [main] XBeanDebug - Resolving type for handle ctfills2c6ftype
[TRACE] 2022-07-17 14:16:25.981 [main] XBeanDebug - Resolving type for handle ctfill550ctype
[TRACE] 2022-07-17 14:16:25.988 [main] XBeanDebug - Resolving type for handle ctborders0d66type
[TRACE] 2022-07-17 14:16:25.997 [main] XBeanDebug - Resolving type for handle ctborderf935type
[TRACE] 2022-07-17 14:16:26.008 [main] XBeanDebug - Resolving type for handle ctcellxfs1322type
[TRACE] 2022-07-17 14:16:26.016 [main] XBeanDebug - Resolving type for handle ctxf97f7type
[TRACE] 2022-07-17 14:16:26.035 [main] XBeanDebug - Resolving type for handle ctcellstylexfsa81ftype
[TRACE] 2022-07-17 14:16:26.045 [main] XBeanDebug - Resolving type for handle ctdxfsb26atype
[TRACE] 2022-07-17 14:16:26.061 [main] XBeanDebug - Resolving type for handle cttablestyles872ftype
[TRACE] 2022-07-17 14:16:26.073 [main] XBeanDebug - Resolving type for handle sstf81fdoctype
[TRACE] 2022-07-17 14:16:26.079 [main] XBeanDebug - Resolving type for handle ctsst44f3type
[TRACE] 2022-07-17 14:16:26.117 [main] XBeanDebug - Resolving type for handle ctrsta472type
[TRACE] 2022-07-17 14:16:26.165 [main] XBeanDebug - Resolving type for handle workbookec17doctype
[TRACE] 2022-07-17 14:16:26.177 [main] XBeanDebug - Resolving type for handle ctworkbook83c3type
[TRACE] 2022-07-17 14:16:26.193 [main] XBeanDebug - Resolving type for handle ctsheets49fdtype
[TRACE] 2022-07-17 14:16:26.197 [main] XBeanDebug - Resolving type for handle ctsheet4dbetype
[TRACE] 2022-07-17 14:16:26.205 [main] XBeanDebug - Resolving type for handle strelationshipid1e94type
[TRACE] 2022-07-17 14:16:26.209 [main] XBeanDebug - Resolving type for handle worksheetf539doctype
[TRACE] 2022-07-17 14:16:26.230 [main] XBeanDebug - Resolving type for handle ctworksheet530dtype
[TRACE] 2022-07-17 14:16:26.256 [main] XBeanDebug - Resolving type for handle ctsheetdata8408type
[TRACE] 2022-07-17 14:16:26.262 [main] XBeanDebug - Resolving type for handle ctrowdd39type
[TRACE] 2022-07-17 14:16:26.279 [main] XBeanDebug - Resolving type for handle ctcell842btype
[TRACE] 2022-07-17 14:16:26.291 [main] XBeanDebug - Resolving type for handle stcellrefe4e0type
[TRACE] 2022-07-17 14:16:26.309 [main] XBeanDebug - Resolving type for handle ctcols627ctype
[TRACE] 2022-07-17 14:16:26.325 [main] XBeanDebug - Resolving type for handle ctcola95ftype
[TRACE] 2022-07-17 14:16:26.389 [main] XBeanDebug - Resolving type for handle stxstringf179type
[DEBUG] 2022-07-17 14:16:26.458 [main] PackageRelationshipCollection - Parsing relationship: /xl/_rels/workbook.xml.rels
[DEBUG] 2022-07-17 14:16:26.461 [main] PackageRelationshipCollection - Parsing relationship: /_rels/.rels
[TRACE] 2022-07-17 14:16:26.543 [main] XBeanDebug - Resolving type for handle stcelltypebf95type
[DEBUG] 2022-07-17 14:16:26.581 [main] PackageRelationshipCollection - Parsing relationship: /xl/_rels/workbook.xml.rels
[DEBUG] 2022-07-17 14:16:26.584 [main] PackageRelationshipCollection - Parsing relationship: /_rels/.rels
