[DEBUG] 2022-07-29 09:39:36.528 [main] InternalLoggerFactory - Using Log4J2 as the default logging framework
[DEBUG] 2022-07-29 09:39:36.560 [main] ResourceLeakDetector - -Dio.netty.leakDetection.level: simple
[DEBUG] 2022-07-29 09:39:36.560 [main] ResourceLeakDetector - -Dio.netty.leakDetection.targetRecords: 4
[DEBUG] 2022-07-29 09:39:36.570 [main] ResourceLeakDetectorFactory - Loaded default ResourceLeakDetector: io.netty.util.ResourceLeakDetector@1e49b60
[DEBUG] 2022-07-29 09:39:36.612 [main] PlatformDependent0 - -Dio.netty.noUnsafe: false
[DEBUG] 2022-07-29 09:39:36.612 [main] PlatformDependent0 - Java version: 8
[DEBUG] 2022-07-29 09:39:36.614 [main] PlatformDependent0 - sun.misc.Unsafe.theUnsafe: available
[DEBUG] 2022-07-29 09:39:36.615 [main] PlatformDependent0 - sun.misc.Unsafe.copyMemory: available
[DEBUG] 2022-07-29 09:39:36.616 [main] PlatformDependent0 - java.nio.Buffer.address: available
[DEBUG] 2022-07-29 09:39:36.618 [main] PlatformDependent0 - direct buffer constructor: available
[DEBUG] 2022-07-29 09:39:36.620 [main] PlatformDependent0 - java.nio.Bits.unaligned: available, true
[DEBUG] 2022-07-29 09:39:36.620 [main] PlatformDependent0 - jdk.internal.misc.Unsafe.allocateUninitializedArray(int): unavailable prior to Java9
[DEBUG] 2022-07-29 09:39:36.620 [main] PlatformDependent0 - java.nio.DirectByteBuffer.<init>(long, int): available
[DEBUG] 2022-07-29 09:39:36.620 [main] PlatformDependent - sun.misc.Unsafe: available
[DEBUG] 2022-07-29 09:39:36.621 [main] PlatformDependent - -Dio.netty.tmpdir: C:\Users\hp\AppData\Local\Temp (java.io.tmpdir)
[DEBUG] 2022-07-29 09:39:36.621 [main] PlatformDependent - -Dio.netty.bitMode: 32 (sun.arch.data.model)
[DEBUG] 2022-07-29 09:39:36.622 [main] PlatformDependent - Platform: Windows
[DEBUG] 2022-07-29 09:39:36.623 [main] PlatformDependent - -Dio.netty.maxDirectMemory: 259522560 bytes
[DEBUG] 2022-07-29 09:39:36.624 [main] PlatformDependent - -Dio.netty.uninitializedArrayAllocationThreshold: -1
[DEBUG] 2022-07-29 09:39:36.626 [main] CleanerJava6 - java.nio.ByteBuffer.cleaner(): available
[DEBUG] 2022-07-29 09:39:36.626 [main] PlatformDependent - -Dio.netty.noPreferDirect: false
[DEBUG] 2022-07-29 09:39:36.643 [main] PlatformDependent - org.jctools-core.MpscChunkedArrayQueue: available
[DEBUG] 2022-07-29 09:39:36.707 [main] InternalThreadLocalMap - -Dio.netty.threadLocalMap.stringBuilder.initialSize: 1024
[DEBUG] 2022-07-29 09:39:36.708 [main] InternalThreadLocalMap - -Dio.netty.threadLocalMap.stringBuilder.maxSize: 4096
[DEBUG] 2022-07-29 09:39:37.610 [main] JdkSslContext - Default protocols (JDK): [TLSv1.3, TLSv1.2] 
[DEBUG] 2022-07-29 09:39:37.610 [main] JdkSslContext - Default cipher suites (JDK): [TLS_ECDHE_ECDSA_WITH_AES_256_GCM_SHA384, TLS_ECDHE_ECDSA_WITH_AES_128_GCM_SHA256, TLS_ECDHE_RSA_WITH_AES_128_GCM_SHA256, TLS_ECDHE_RSA_WITH_AES_256_GCM_SHA384, TLS_ECDHE_RSA_WITH_AES_128_CBC_SHA, TLS_ECDHE_RSA_WITH_AES_256_CBC_SHA, TLS_RSA_WITH_AES_128_GCM_SHA256, TLS_RSA_WITH_AES_128_CBC_SHA, TLS_RSA_WITH_AES_256_CBC_SHA, TLS_AES_128_GCM_SHA256, TLS_AES_256_GCM_SHA384]
[DEBUG] 2022-07-29 09:39:37.687 [main] MultithreadEventLoopGroup - -Dio.netty.eventLoopThreads: 8
[DEBUG] 2022-07-29 09:39:37.710 [main] NioEventLoop - -Dio.netty.noKeySetOptimization: false
[DEBUG] 2022-07-29 09:39:37.710 [main] NioEventLoop - -Dio.netty.selectorAutoRebuildThreshold: 512
[TRACE] 2022-07-29 09:39:37.734 [main] NioEventLoop - instrumented a special java.util.Set into: sun.nio.ch.WindowsSelectorImpl@1ac5227
[TRACE] 2022-07-29 09:39:37.737 [main] NioEventLoop - instrumented a special java.util.Set into: sun.nio.ch.WindowsSelectorImpl@e67cad
[TRACE] 2022-07-29 09:39:37.737 [main] NioEventLoop - instrumented a special java.util.Set into: sun.nio.ch.WindowsSelectorImpl@16e28bc
[TRACE] 2022-07-29 09:39:37.739 [main] NioEventLoop - instrumented a special java.util.Set into: sun.nio.ch.WindowsSelectorImpl@98bb3
[TRACE] 2022-07-29 09:39:37.740 [main] NioEventLoop - instrumented a special java.util.Set into: sun.nio.ch.WindowsSelectorImpl@1e4bb20
[TRACE] 2022-07-29 09:39:37.741 [main] NioEventLoop - instrumented a special java.util.Set into: sun.nio.ch.WindowsSelectorImpl@cebaa5
[TRACE] 2022-07-29 09:39:37.742 [main] NioEventLoop - instrumented a special java.util.Set into: sun.nio.ch.WindowsSelectorImpl@3b4ac8
[TRACE] 2022-07-29 09:39:37.743 [main] NioEventLoop - instrumented a special java.util.Set into: sun.nio.ch.WindowsSelectorImpl@5f05af
[DEBUG] 2022-07-29 09:39:37.790 [main] PooledByteBufAllocator - -Dio.netty.allocator.numHeapArenas: 2
[DEBUG] 2022-07-29 09:39:37.790 [main] PooledByteBufAllocator - -Dio.netty.allocator.numDirectArenas: 2
[DEBUG] 2022-07-29 09:39:37.790 [main] PooledByteBufAllocator - -Dio.netty.allocator.pageSize: 8192
[DEBUG] 2022-07-29 09:39:37.790 [main] PooledByteBufAllocator - -Dio.netty.allocator.maxOrder: 11
[DEBUG] 2022-07-29 09:39:37.790 [main] PooledByteBufAllocator - -Dio.netty.allocator.chunkSize: 16777216
[DEBUG] 2022-07-29 09:39:37.790 [main] PooledByteBufAllocator - -Dio.netty.allocator.smallCacheSize: 256
[DEBUG] 2022-07-29 09:39:37.791 [main] PooledByteBufAllocator - -Dio.netty.allocator.normalCacheSize: 64
[DEBUG] 2022-07-29 09:39:37.791 [main] PooledByteBufAllocator - -Dio.netty.allocator.maxCachedBufferCapacity: 32768
[DEBUG] 2022-07-29 09:39:37.791 [main] PooledByteBufAllocator - -Dio.netty.allocator.cacheTrimInterval: 8192
[DEBUG] 2022-07-29 09:39:37.791 [main] PooledByteBufAllocator - -Dio.netty.allocator.cacheTrimIntervalMillis: 0
[DEBUG] 2022-07-29 09:39:37.791 [main] PooledByteBufAllocator - -Dio.netty.allocator.useCacheForAllThreads: true
[DEBUG] 2022-07-29 09:39:37.791 [main] PooledByteBufAllocator - -Dio.netty.allocator.maxCachedByteBuffersPerChunk: 1023
[DEBUG] 2022-07-29 09:39:37.808 [main] ByteBufUtil - -Dio.netty.allocator.type: pooled
[DEBUG] 2022-07-29 09:39:37.808 [main] ByteBufUtil - -Dio.netty.threadLocalDirectBufferSize: 0
[DEBUG] 2022-07-29 09:39:37.808 [main] ByteBufUtil - -Dio.netty.maxThreadLocalCharBufferSize: 16384
[DEBUG] 2022-07-29 09:39:41.304 [Forwarding newSession on session null to remote] DefaultChannelId - -Dio.netty.processId: 13408 (auto-detected)
[DEBUG] 2022-07-29 09:39:41.324 [Forwarding newSession on session null to remote] NetUtil - -Djava.net.preferIPv4Stack: false
[DEBUG] 2022-07-29 09:39:41.324 [Forwarding newSession on session null to remote] NetUtil - -Djava.net.preferIPv6Addresses: false
[DEBUG] 2022-07-29 09:39:41.789 [Forwarding newSession on session null to remote] NetUtilInitializations - Loopback interface: lo (Software Loopback Interface 1, 127.0.0.1)
[DEBUG] 2022-07-29 09:39:41.790 [Forwarding newSession on session null to remote] NetUtil - Failed to get SOMAXCONN from sysctl and file \proc\sys\net\core\somaxconn. Default: 200
[DEBUG] 2022-07-29 09:39:42.261 [Forwarding newSession on session null to remote] DefaultChannelId - -Dio.netty.machineId: 00:15:5d:ff:fe:08:77:56 (auto-detected)
[DEBUG] 2022-07-29 09:39:42.371 [AsyncHttpClient-1-2] AbstractByteBuf - -Dio.netty.buffer.checkAccessible: true
[DEBUG] 2022-07-29 09:39:42.371 [AsyncHttpClient-1-2] AbstractByteBuf - -Dio.netty.buffer.checkBounds: true
[DEBUG] 2022-07-29 09:39:42.372 [AsyncHttpClient-1-2] ResourceLeakDetectorFactory - Loaded default ResourceLeakDetector: io.netty.util.ResourceLeakDetector@1911ce6
[DEBUG] 2022-07-29 09:39:44.799 [AsyncHttpClient-1-2] Recycler - -Dio.netty.recycler.maxCapacityPerThread: 4096
[DEBUG] 2022-07-29 09:39:44.799 [AsyncHttpClient-1-2] Recycler - -Dio.netty.recycler.maxSharedCapacityFactor: 2
[DEBUG] 2022-07-29 09:39:44.799 [AsyncHttpClient-1-2] Recycler - -Dio.netty.recycler.linkCapacity: 16
[DEBUG] 2022-07-29 09:39:44.799 [AsyncHttpClient-1-2] Recycler - -Dio.netty.recycler.ratio: 8
[DEBUG] 2022-07-29 09:39:44.799 [AsyncHttpClient-1-2] Recycler - -Dio.netty.recycler.delayedQueue.ratio: 8
[DEBUG] 2022-07-29 09:39:47.564 [AsyncHttpClient-1-2] InsecureTrustManagerFactory - Accepting a server certificate: CN=ondemand.us-west-1.saucelabs.com
[DEBUG] 2022-07-29 09:39:50.827 [AsyncHttpClient-1-2] SslHandler - [id: 0x2e95503f, L:/192.168.43.137:59269 - R:ondemand.us-west-1.saucelabs.com/66.85.52.224:443] HANDSHAKEN: protocol:TLSv1.2 cipher suite:TLS_ECDHE_RSA_WITH_AES_128_GCM_SHA256
[DEBUG] 2022-07-29 09:40:00.654 [AsyncHttpClient-1-2] Brotli - brotli4j not in the classpath; Brotli support will be unavailable.
[DEBUG] 2022-07-29 09:40:53.941 [main] InternalLoggerFactory - Using Log4J2 as the default logging framework
[DEBUG] 2022-07-29 09:40:53.962 [main] ResourceLeakDetector - -Dio.netty.leakDetection.level: simple
[DEBUG] 2022-07-29 09:40:53.962 [main] ResourceLeakDetector - -Dio.netty.leakDetection.targetRecords: 4
[DEBUG] 2022-07-29 09:40:53.970 [main] ResourceLeakDetectorFactory - Loaded default ResourceLeakDetector: io.netty.util.ResourceLeakDetector@ead359
[DEBUG] 2022-07-29 09:40:54.006 [main] PlatformDependent0 - -Dio.netty.noUnsafe: false
[DEBUG] 2022-07-29 09:40:54.006 [main] PlatformDependent0 - Java version: 8
[DEBUG] 2022-07-29 09:40:54.007 [main] PlatformDependent0 - sun.misc.Unsafe.theUnsafe: available
[DEBUG] 2022-07-29 09:40:54.008 [main] PlatformDependent0 - sun.misc.Unsafe.copyMemory: available
[DEBUG] 2022-07-29 09:40:54.009 [main] PlatformDependent0 - java.nio.Buffer.address: available
[DEBUG] 2022-07-29 09:40:54.010 [main] PlatformDependent0 - direct buffer constructor: available
[DEBUG] 2022-07-29 09:40:54.011 [main] PlatformDependent0 - java.nio.Bits.unaligned: available, true
[DEBUG] 2022-07-29 09:40:54.011 [main] PlatformDependent0 - jdk.internal.misc.Unsafe.allocateUninitializedArray(int): unavailable prior to Java9
[DEBUG] 2022-07-29 09:40:54.012 [main] PlatformDependent0 - java.nio.DirectByteBuffer.<init>(long, int): available
[DEBUG] 2022-07-29 09:40:54.012 [main] PlatformDependent - sun.misc.Unsafe: available
[DEBUG] 2022-07-29 09:40:54.012 [main] PlatformDependent - -Dio.netty.tmpdir: C:\Users\hp\AppData\Local\Temp (java.io.tmpdir)
[DEBUG] 2022-07-29 09:40:54.013 [main] PlatformDependent - -Dio.netty.bitMode: 32 (sun.arch.data.model)
[DEBUG] 2022-07-29 09:40:54.013 [main] PlatformDependent - Platform: Windows
[DEBUG] 2022-07-29 09:40:54.014 [main] PlatformDependent - -Dio.netty.maxDirectMemory: 259522560 bytes
[DEBUG] 2022-07-29 09:40:54.015 [main] PlatformDependent - -Dio.netty.uninitializedArrayAllocationThreshold: -1
[DEBUG] 2022-07-29 09:40:54.017 [main] CleanerJava6 - java.nio.ByteBuffer.cleaner(): available
[DEBUG] 2022-07-29 09:40:54.017 [main] PlatformDependent - -Dio.netty.noPreferDirect: false
[DEBUG] 2022-07-29 09:40:54.037 [main] PlatformDependent - org.jctools-core.MpscChunkedArrayQueue: available
[DEBUG] 2022-07-29 09:40:54.070 [main] InternalThreadLocalMap - -Dio.netty.threadLocalMap.stringBuilder.initialSize: 1024
[DEBUG] 2022-07-29 09:40:54.070 [main] InternalThreadLocalMap - -Dio.netty.threadLocalMap.stringBuilder.maxSize: 4096
[DEBUG] 2022-07-29 09:40:54.092 [main] JdkSslContext - Default protocols (JDK): [TLSv1.3, TLSv1.2] 
[DEBUG] 2022-07-29 09:40:54.092 [main] JdkSslContext - Default cipher suites (JDK): [TLS_ECDHE_ECDSA_WITH_AES_256_GCM_SHA384, TLS_ECDHE_ECDSA_WITH_AES_128_GCM_SHA256, TLS_ECDHE_RSA_WITH_AES_128_GCM_SHA256, TLS_ECDHE_RSA_WITH_AES_256_GCM_SHA384, TLS_ECDHE_RSA_WITH_AES_128_CBC_SHA, TLS_ECDHE_RSA_WITH_AES_256_CBC_SHA, TLS_RSA_WITH_AES_128_GCM_SHA256, TLS_RSA_WITH_AES_128_CBC_SHA, TLS_RSA_WITH_AES_256_CBC_SHA, TLS_AES_128_GCM_SHA256, TLS_AES_256_GCM_SHA384]
[DEBUG] 2022-07-29 09:40:54.131 [main] MultithreadEventLoopGroup - -Dio.netty.eventLoopThreads: 8
[DEBUG] 2022-07-29 09:40:54.144 [main] NioEventLoop - -Dio.netty.noKeySetOptimization: false
[DEBUG] 2022-07-29 09:40:54.144 [main] NioEventLoop - -Dio.netty.selectorAutoRebuildThreshold: 512
[TRACE] 2022-07-29 09:40:54.154 [main] NioEventLoop - instrumented a special java.util.Set into: sun.nio.ch.WindowsSelectorImpl@18c5d94
[TRACE] 2022-07-29 09:40:54.156 [main] NioEventLoop - instrumented a special java.util.Set into: sun.nio.ch.WindowsSelectorImpl@18062d2
[TRACE] 2022-07-29 09:40:54.158 [main] NioEventLoop - instrumented a special java.util.Set into: sun.nio.ch.WindowsSelectorImpl@63ec0b
[TRACE] 2022-07-29 09:40:54.158 [main] NioEventLoop - instrumented a special java.util.Set into: sun.nio.ch.WindowsSelectorImpl@1956878
[TRACE] 2022-07-29 09:40:54.160 [main] NioEventLoop - instrumented a special java.util.Set into: sun.nio.ch.WindowsSelectorImpl@546a22
[TRACE] 2022-07-29 09:40:54.160 [main] NioEventLoop - instrumented a special java.util.Set into: sun.nio.ch.WindowsSelectorImpl@5c08c8
[TRACE] 2022-07-29 09:40:54.162 [main] NioEventLoop - instrumented a special java.util.Set into: sun.nio.ch.WindowsSelectorImpl@15eaa7c
[TRACE] 2022-07-29 09:40:54.162 [main] NioEventLoop - instrumented a special java.util.Set into: sun.nio.ch.WindowsSelectorImpl@118c187
[DEBUG] 2022-07-29 09:40:54.193 [main] PooledByteBufAllocator - -Dio.netty.allocator.numHeapArenas: 2
[DEBUG] 2022-07-29 09:40:54.193 [main] PooledByteBufAllocator - -Dio.netty.allocator.numDirectArenas: 2
[DEBUG] 2022-07-29 09:40:54.193 [main] PooledByteBufAllocator - -Dio.netty.allocator.pageSize: 8192
[DEBUG] 2022-07-29 09:40:54.193 [main] PooledByteBufAllocator - -Dio.netty.allocator.maxOrder: 11
[DEBUG] 2022-07-29 09:40:54.193 [main] PooledByteBufAllocator - -Dio.netty.allocator.chunkSize: 16777216
[DEBUG] 2022-07-29 09:40:54.194 [main] PooledByteBufAllocator - -Dio.netty.allocator.smallCacheSize: 256
[DEBUG] 2022-07-29 09:40:54.194 [main] PooledByteBufAllocator - -Dio.netty.allocator.normalCacheSize: 64
[DEBUG] 2022-07-29 09:40:54.194 [main] PooledByteBufAllocator - -Dio.netty.allocator.maxCachedBufferCapacity: 32768
[DEBUG] 2022-07-29 09:40:54.194 [main] PooledByteBufAllocator - -Dio.netty.allocator.cacheTrimInterval: 8192
[DEBUG] 2022-07-29 09:40:54.194 [main] PooledByteBufAllocator - -Dio.netty.allocator.cacheTrimIntervalMillis: 0
[DEBUG] 2022-07-29 09:40:54.194 [main] PooledByteBufAllocator - -Dio.netty.allocator.useCacheForAllThreads: true
[DEBUG] 2022-07-29 09:40:54.194 [main] PooledByteBufAllocator - -Dio.netty.allocator.maxCachedByteBuffersPerChunk: 1023
[DEBUG] 2022-07-29 09:40:54.210 [main] ByteBufUtil - -Dio.netty.allocator.type: pooled
[DEBUG] 2022-07-29 09:40:54.210 [main] ByteBufUtil - -Dio.netty.threadLocalDirectBufferSize: 0
[DEBUG] 2022-07-29 09:40:54.210 [main] ByteBufUtil - -Dio.netty.maxThreadLocalCharBufferSize: 16384
[DEBUG] 2022-07-29 09:40:56.873 [Forwarding newSession on session null to remote] DefaultChannelId - -Dio.netty.processId: 3144 (auto-detected)
[DEBUG] 2022-07-29 09:40:56.876 [Forwarding newSession on session null to remote] NetUtil - -Djava.net.preferIPv4Stack: false
[DEBUG] 2022-07-29 09:40:56.876 [Forwarding newSession on session null to remote] NetUtil - -Djava.net.preferIPv6Addresses: false
[DEBUG] 2022-07-29 09:40:57.294 [Forwarding newSession on session null to remote] NetUtilInitializations - Loopback interface: lo (Software Loopback Interface 1, 127.0.0.1)
[DEBUG] 2022-07-29 09:40:57.296 [Forwarding newSession on session null to remote] NetUtil - Failed to get SOMAXCONN from sysctl and file \proc\sys\net\core\somaxconn. Default: 200
[DEBUG] 2022-07-29 09:40:57.777 [Forwarding newSession on session null to remote] DefaultChannelId - -Dio.netty.machineId: 00:15:5d:ff:fe:08:77:56 (auto-detected)
[DEBUG] 2022-07-29 09:40:57.861 [AsyncHttpClient-1-2] AbstractByteBuf - -Dio.netty.buffer.checkAccessible: true
[DEBUG] 2022-07-29 09:40:57.861 [AsyncHttpClient-1-2] AbstractByteBuf - -Dio.netty.buffer.checkBounds: true
[DEBUG] 2022-07-29 09:40:57.861 [AsyncHttpClient-1-2] ResourceLeakDetectorFactory - Loaded default ResourceLeakDetector: io.netty.util.ResourceLeakDetector@1d7d906
[DEBUG] 2022-07-29 09:40:57.897 [AsyncHttpClient-1-2] Recycler - -Dio.netty.recycler.maxCapacityPerThread: 4096
[DEBUG] 2022-07-29 09:40:57.897 [AsyncHttpClient-1-2] Recycler - -Dio.netty.recycler.maxSharedCapacityFactor: 2
[DEBUG] 2022-07-29 09:40:57.897 [AsyncHttpClient-1-2] Recycler - -Dio.netty.recycler.linkCapacity: 16
[DEBUG] 2022-07-29 09:40:57.897 [AsyncHttpClient-1-2] Recycler - -Dio.netty.recycler.ratio: 8
[DEBUG] 2022-07-29 09:40:57.897 [AsyncHttpClient-1-2] Recycler - -Dio.netty.recycler.delayedQueue.ratio: 8
[DEBUG] 2022-07-29 09:40:58.648 [AsyncHttpClient-1-2] Brotli - brotli4j not in the classpath; Brotli support will be unavailable.
[DEBUG] 2022-07-29 09:40:58.820 [main] ThreadLocalRandom - -Dio.netty.initialSeedUniquifier: 0xa8b324c8891f38bf
[DEBUG] 2022-07-29 10:03:29.270 [TestNG-tests-2] InternalLoggerFactory - Using Log4J2 as the default logging framework
[DEBUG] 2022-07-29 10:03:29.299 [TestNG-tests-2] ResourceLeakDetector - -Dio.netty.leakDetection.level: simple
[DEBUG] 2022-07-29 10:03:29.300 [TestNG-tests-2] ResourceLeakDetector - -Dio.netty.leakDetection.targetRecords: 4
[DEBUG] 2022-07-29 10:03:29.310 [TestNG-tests-2] ResourceLeakDetectorFactory - Loaded default ResourceLeakDetector: io.netty.util.ResourceLeakDetector@1080495
[DEBUG] 2022-07-29 10:03:29.383 [TestNG-tests-2] PlatformDependent0 - -Dio.netty.noUnsafe: false
[DEBUG] 2022-07-29 10:03:29.384 [TestNG-tests-2] PlatformDependent0 - Java version: 8
[DEBUG] 2022-07-29 10:03:29.387 [TestNG-tests-2] PlatformDependent0 - sun.misc.Unsafe.theUnsafe: available
[DEBUG] 2022-07-29 10:03:29.388 [TestNG-tests-2] PlatformDependent0 - sun.misc.Unsafe.copyMemory: available
[DEBUG] 2022-07-29 10:03:29.390 [TestNG-tests-2] PlatformDependent0 - java.nio.Buffer.address: available
[DEBUG] 2022-07-29 10:03:29.391 [TestNG-tests-2] PlatformDependent0 - direct buffer constructor: available
[DEBUG] 2022-07-29 10:03:29.392 [TestNG-tests-2] PlatformDependent0 - java.nio.Bits.unaligned: available, true
[DEBUG] 2022-07-29 10:03:29.393 [TestNG-tests-2] PlatformDependent0 - jdk.internal.misc.Unsafe.allocateUninitializedArray(int): unavailable prior to Java9
[DEBUG] 2022-07-29 10:03:29.393 [TestNG-tests-2] PlatformDependent0 - java.nio.DirectByteBuffer.<init>(long, int): available
[DEBUG] 2022-07-29 10:03:29.393 [TestNG-tests-2] PlatformDependent - sun.misc.Unsafe: available
[DEBUG] 2022-07-29 10:03:29.395 [TestNG-tests-2] PlatformDependent - -Dio.netty.tmpdir: C:\Users\hp\AppData\Local\Temp (java.io.tmpdir)
[DEBUG] 2022-07-29 10:03:29.396 [TestNG-tests-2] PlatformDependent - -Dio.netty.bitMode: 32 (sun.arch.data.model)
[DEBUG] 2022-07-29 10:03:29.397 [TestNG-tests-2] PlatformDependent - Platform: Windows
[DEBUG] 2022-07-29 10:03:29.399 [TestNG-tests-2] PlatformDependent - -Dio.netty.maxDirectMemory: 259522560 bytes
[DEBUG] 2022-07-29 10:03:29.399 [TestNG-tests-2] PlatformDependent - -Dio.netty.uninitializedArrayAllocationThreshold: -1
[DEBUG] 2022-07-29 10:03:29.403 [TestNG-tests-2] CleanerJava6 - java.nio.ByteBuffer.cleaner(): available
[DEBUG] 2022-07-29 10:03:29.404 [TestNG-tests-2] PlatformDependent - -Dio.netty.noPreferDirect: false
[DEBUG] 2022-07-29 10:03:29.425 [TestNG-tests-2] PlatformDependent - org.jctools-core.MpscChunkedArrayQueue: available
[DEBUG] 2022-07-29 10:03:29.488 [TestNG-tests-2] InternalThreadLocalMap - -Dio.netty.threadLocalMap.stringBuilder.initialSize: 1024
[DEBUG] 2022-07-29 10:03:29.488 [TestNG-tests-2] InternalThreadLocalMap - -Dio.netty.threadLocalMap.stringBuilder.maxSize: 4096
[DEBUG] 2022-07-29 10:03:29.554 [TestNG-tests-2] JdkSslContext - Default protocols (JDK): [TLSv1.3, TLSv1.2] 
[DEBUG] 2022-07-29 10:03:29.554 [TestNG-tests-2] JdkSslContext - Default cipher suites (JDK): [TLS_ECDHE_ECDSA_WITH_AES_256_GCM_SHA384, TLS_ECDHE_ECDSA_WITH_AES_128_GCM_SHA256, TLS_ECDHE_RSA_WITH_AES_128_GCM_SHA256, TLS_ECDHE_RSA_WITH_AES_256_GCM_SHA384, TLS_ECDHE_RSA_WITH_AES_128_CBC_SHA, TLS_ECDHE_RSA_WITH_AES_256_CBC_SHA, TLS_RSA_WITH_AES_128_GCM_SHA256, TLS_RSA_WITH_AES_128_CBC_SHA, TLS_RSA_WITH_AES_256_CBC_SHA, TLS_AES_128_GCM_SHA256, TLS_AES_256_GCM_SHA384]
[DEBUG] 2022-07-29 10:03:29.633 [TestNG-tests-2] MultithreadEventLoopGroup - -Dio.netty.eventLoopThreads: 8
[DEBUG] 2022-07-29 10:03:29.662 [TestNG-tests-2] NioEventLoop - -Dio.netty.noKeySetOptimization: false
[DEBUG] 2022-07-29 10:03:29.662 [TestNG-tests-2] NioEventLoop - -Dio.netty.selectorAutoRebuildThreshold: 512
[TRACE] 2022-07-29 10:03:29.686 [TestNG-tests-2] NioEventLoop - instrumented a special java.util.Set into: sun.nio.ch.WindowsSelectorImpl@6e004e
[TRACE] 2022-07-29 10:03:29.688 [TestNG-tests-2] NioEventLoop - instrumented a special java.util.Set into: sun.nio.ch.WindowsSelectorImpl@169e501
[TRACE] 2022-07-29 10:03:29.689 [TestNG-tests-2] NioEventLoop - instrumented a special java.util.Set into: sun.nio.ch.WindowsSelectorImpl@197f612
[TRACE] 2022-07-29 10:03:29.691 [TestNG-tests-2] NioEventLoop - instrumented a special java.util.Set into: sun.nio.ch.WindowsSelectorImpl@1e454fe
[TRACE] 2022-07-29 10:03:29.692 [TestNG-tests-2] NioEventLoop - instrumented a special java.util.Set into: sun.nio.ch.WindowsSelectorImpl@1ceea0f
[TRACE] 2022-07-29 10:03:29.693 [TestNG-tests-2] NioEventLoop - instrumented a special java.util.Set into: sun.nio.ch.WindowsSelectorImpl@1b9401a
[TRACE] 2022-07-29 10:03:29.695 [TestNG-tests-2] NioEventLoop - instrumented a special java.util.Set into: sun.nio.ch.WindowsSelectorImpl@1ca0159
[TRACE] 2022-07-29 10:03:29.697 [TestNG-tests-2] NioEventLoop - instrumented a special java.util.Set into: sun.nio.ch.WindowsSelectorImpl@ecba
[DEBUG] 2022-07-29 10:03:29.804 [TestNG-tests-2] PooledByteBufAllocator - -Dio.netty.allocator.numHeapArenas: 2
[DEBUG] 2022-07-29 10:03:29.804 [TestNG-tests-2] PooledByteBufAllocator - -Dio.netty.allocator.numDirectArenas: 2
[DEBUG] 2022-07-29 10:03:29.804 [TestNG-tests-2] PooledByteBufAllocator - -Dio.netty.allocator.pageSize: 8192
[DEBUG] 2022-07-29 10:03:29.804 [TestNG-tests-2] PooledByteBufAllocator - -Dio.netty.allocator.maxOrder: 11
[DEBUG] 2022-07-29 10:03:29.804 [TestNG-tests-2] PooledByteBufAllocator - -Dio.netty.allocator.chunkSize: 16777216
[DEBUG] 2022-07-29 10:03:29.804 [TestNG-tests-2] PooledByteBufAllocator - -Dio.netty.allocator.smallCacheSize: 256
[DEBUG] 2022-07-29 10:03:29.804 [TestNG-tests-2] PooledByteBufAllocator - -Dio.netty.allocator.normalCacheSize: 64
[DEBUG] 2022-07-29 10:03:29.804 [TestNG-tests-2] PooledByteBufAllocator - -Dio.netty.allocator.maxCachedBufferCapacity: 32768
[DEBUG] 2022-07-29 10:03:29.805 [TestNG-tests-2] PooledByteBufAllocator - -Dio.netty.allocator.cacheTrimInterval: 8192
[DEBUG] 2022-07-29 10:03:29.805 [TestNG-tests-2] PooledByteBufAllocator - -Dio.netty.allocator.cacheTrimIntervalMillis: 0
[DEBUG] 2022-07-29 10:03:29.805 [TestNG-tests-2] PooledByteBufAllocator - -Dio.netty.allocator.useCacheForAllThreads: true
[DEBUG] 2022-07-29 10:03:29.805 [TestNG-tests-2] PooledByteBufAllocator - -Dio.netty.allocator.maxCachedByteBuffersPerChunk: 1023
[DEBUG] 2022-07-29 10:03:29.828 [TestNG-tests-2] ByteBufUtil - -Dio.netty.allocator.type: pooled
[DEBUG] 2022-07-29 10:03:29.828 [TestNG-tests-2] ByteBufUtil - -Dio.netty.threadLocalDirectBufferSize: 0
[DEBUG] 2022-07-29 10:03:29.828 [TestNG-tests-2] ByteBufUtil - -Dio.netty.maxThreadLocalCharBufferSize: 16384
[DEBUG] 2022-07-29 10:03:31.038 [Forwarding newSession on session null to remote] DefaultChannelId - -Dio.netty.processId: 6548 (auto-detected)
[DEBUG] 2022-07-29 10:03:31.042 [Forwarding newSession on session null to remote] NetUtil - -Djava.net.preferIPv4Stack: false
[DEBUG] 2022-07-29 10:03:31.042 [Forwarding newSession on session null to remote] NetUtil - -Djava.net.preferIPv6Addresses: false
[DEBUG] 2022-07-29 10:03:31.543 [Forwarding newSession on session null to remote] NetUtilInitializations - Loopback interface: lo (Software Loopback Interface 1, 127.0.0.1)
[DEBUG] 2022-07-29 10:03:31.544 [Forwarding newSession on session null to remote] NetUtil - Failed to get SOMAXCONN from sysctl and file \proc\sys\net\core\somaxconn. Default: 200
[DEBUG] 2022-07-29 10:03:32.152 [Forwarding newSession on session null to remote] DefaultChannelId - -Dio.netty.machineId: 00:15:5d:ff:fe:08:77:56 (auto-detected)
[DEBUG] 2022-07-29 10:03:32.280 [AsyncHttpClient-1-2] AbstractByteBuf - -Dio.netty.buffer.checkAccessible: true
[DEBUG] 2022-07-29 10:03:32.281 [AsyncHttpClient-1-2] AbstractByteBuf - -Dio.netty.buffer.checkBounds: true
[DEBUG] 2022-07-29 10:03:32.281 [AsyncHttpClient-1-2] ResourceLeakDetectorFactory - Loaded default ResourceLeakDetector: io.netty.util.ResourceLeakDetector@8106d2
[DEBUG] 2022-07-29 10:03:32.332 [AsyncHttpClient-1-2] Recycler - -Dio.netty.recycler.maxCapacityPerThread: 4096
[DEBUG] 2022-07-29 10:03:32.332 [AsyncHttpClient-1-2] Recycler - -Dio.netty.recycler.maxSharedCapacityFactor: 2
[DEBUG] 2022-07-29 10:03:32.332 [AsyncHttpClient-1-2] Recycler - -Dio.netty.recycler.linkCapacity: 16
[DEBUG] 2022-07-29 10:03:32.332 [AsyncHttpClient-1-2] Recycler - -Dio.netty.recycler.ratio: 8
[DEBUG] 2022-07-29 10:03:32.332 [AsyncHttpClient-1-2] Recycler - -Dio.netty.recycler.delayedQueue.ratio: 8
[DEBUG] 2022-07-29 10:03:33.784 [AsyncHttpClient-1-2] Brotli - brotli4j not in the classpath; Brotli support will be unavailable.
[DEBUG] 2022-07-29 10:03:34.102 [TestNG-tests-2] ThreadLocalRandom - -Dio.netty.initialSeedUniquifier: 0xcfa11a588067ad12
[DEBUG] 2022-07-29 10:17:53.203 [main] InternalLoggerFactory - Using Log4J2 as the default logging framework
[DEBUG] 2022-07-29 10:17:53.228 [main] ResourceLeakDetector - -Dio.netty.leakDetection.level: simple
[DEBUG] 2022-07-29 10:17:53.228 [main] ResourceLeakDetector - -Dio.netty.leakDetection.targetRecords: 4
[DEBUG] 2022-07-29 10:17:53.236 [main] ResourceLeakDetectorFactory - Loaded default ResourceLeakDetector: io.netty.util.ResourceLeakDetector@43d68f
[DEBUG] 2022-07-29 10:17:53.274 [main] PlatformDependent0 - -Dio.netty.noUnsafe: false
[DEBUG] 2022-07-29 10:17:53.275 [main] PlatformDependent0 - Java version: 8
[DEBUG] 2022-07-29 10:17:53.277 [main] PlatformDependent0 - sun.misc.Unsafe.theUnsafe: available
[DEBUG] 2022-07-29 10:17:53.278 [main] PlatformDependent0 - sun.misc.Unsafe.copyMemory: available
[DEBUG] 2022-07-29 10:17:53.279 [main] PlatformDependent0 - java.nio.Buffer.address: available
[DEBUG] 2022-07-29 10:17:53.279 [main] PlatformDependent0 - direct buffer constructor: available
[DEBUG] 2022-07-29 10:17:53.280 [main] PlatformDependent0 - java.nio.Bits.unaligned: available, true
[DEBUG] 2022-07-29 10:17:53.281 [main] PlatformDependent0 - jdk.internal.misc.Unsafe.allocateUninitializedArray(int): unavailable prior to Java9
[DEBUG] 2022-07-29 10:17:53.281 [main] PlatformDependent0 - java.nio.DirectByteBuffer.<init>(long, int): available
[DEBUG] 2022-07-29 10:17:53.281 [main] PlatformDependent - sun.misc.Unsafe: available
[DEBUG] 2022-07-29 10:17:53.281 [main] PlatformDependent - -Dio.netty.tmpdir: C:\Users\hp\AppData\Local\Temp (java.io.tmpdir)
[DEBUG] 2022-07-29 10:17:53.281 [main] PlatformDependent - -Dio.netty.bitMode: 32 (sun.arch.data.model)
[DEBUG] 2022-07-29 10:17:53.282 [main] PlatformDependent - Platform: Windows
[DEBUG] 2022-07-29 10:17:53.283 [main] PlatformDependent - -Dio.netty.maxDirectMemory: 259522560 bytes
[DEBUG] 2022-07-29 10:17:53.283 [main] PlatformDependent - -Dio.netty.uninitializedArrayAllocationThreshold: -1
[DEBUG] 2022-07-29 10:17:53.284 [main] CleanerJava6 - java.nio.ByteBuffer.cleaner(): available
[DEBUG] 2022-07-29 10:17:53.285 [main] PlatformDependent - -Dio.netty.noPreferDirect: false
[DEBUG] 2022-07-29 10:17:53.302 [main] PlatformDependent - org.jctools-core.MpscChunkedArrayQueue: available
[DEBUG] 2022-07-29 10:17:53.334 [main] InternalThreadLocalMap - -Dio.netty.threadLocalMap.stringBuilder.initialSize: 1024
[DEBUG] 2022-07-29 10:17:53.334 [main] InternalThreadLocalMap - -Dio.netty.threadLocalMap.stringBuilder.maxSize: 4096
[DEBUG] 2022-07-29 10:17:53.369 [main] JdkSslContext - Default protocols (JDK): [TLSv1.3, TLSv1.2] 
[DEBUG] 2022-07-29 10:17:53.369 [main] JdkSslContext - Default cipher suites (JDK): [TLS_ECDHE_ECDSA_WITH_AES_256_GCM_SHA384, TLS_ECDHE_ECDSA_WITH_AES_128_GCM_SHA256, TLS_ECDHE_RSA_WITH_AES_128_GCM_SHA256, TLS_ECDHE_RSA_WITH_AES_256_GCM_SHA384, TLS_ECDHE_RSA_WITH_AES_128_CBC_SHA, TLS_ECDHE_RSA_WITH_AES_256_CBC_SHA, TLS_RSA_WITH_AES_128_GCM_SHA256, TLS_RSA_WITH_AES_128_CBC_SHA, TLS_RSA_WITH_AES_256_CBC_SHA, TLS_AES_128_GCM_SHA256, TLS_AES_256_GCM_SHA384]
[DEBUG] 2022-07-29 10:17:53.425 [main] MultithreadEventLoopGroup - -Dio.netty.eventLoopThreads: 8
[DEBUG] 2022-07-29 10:17:53.441 [main] NioEventLoop - -Dio.netty.noKeySetOptimization: false
[DEBUG] 2022-07-29 10:17:53.441 [main] NioEventLoop - -Dio.netty.selectorAutoRebuildThreshold: 512
[TRACE] 2022-07-29 10:17:53.454 [main] NioEventLoop - instrumented a special java.util.Set into: sun.nio.ch.WindowsSelectorImpl@4bade8
[TRACE] 2022-07-29 10:17:53.456 [main] NioEventLoop - instrumented a special java.util.Set into: sun.nio.ch.WindowsSelectorImpl@1a9ba52
[TRACE] 2022-07-29 10:17:53.458 [main] NioEventLoop - instrumented a special java.util.Set into: sun.nio.ch.WindowsSelectorImpl@a27722
[TRACE] 2022-07-29 10:17:53.459 [main] NioEventLoop - instrumented a special java.util.Set into: sun.nio.ch.WindowsSelectorImpl@ab80e3
[TRACE] 2022-07-29 10:17:53.461 [main] NioEventLoop - instrumented a special java.util.Set into: sun.nio.ch.WindowsSelectorImpl@1573b3b
[TRACE] 2022-07-29 10:17:53.462 [main] NioEventLoop - instrumented a special java.util.Set into: sun.nio.ch.WindowsSelectorImpl@1427b69
[TRACE] 2022-07-29 10:17:53.463 [main] NioEventLoop - instrumented a special java.util.Set into: sun.nio.ch.WindowsSelectorImpl@461bc4
[TRACE] 2022-07-29 10:17:53.464 [main] NioEventLoop - instrumented a special java.util.Set into: sun.nio.ch.WindowsSelectorImpl@4630b7
[DEBUG] 2022-07-29 10:17:53.540 [main] PooledByteBufAllocator - -Dio.netty.allocator.numHeapArenas: 2
[DEBUG] 2022-07-29 10:17:53.540 [main] PooledByteBufAllocator - -Dio.netty.allocator.numDirectArenas: 2
[DEBUG] 2022-07-29 10:17:53.540 [main] PooledByteBufAllocator - -Dio.netty.allocator.pageSize: 8192
[DEBUG] 2022-07-29 10:17:53.540 [main] PooledByteBufAllocator - -Dio.netty.allocator.maxOrder: 11
[DEBUG] 2022-07-29 10:17:53.540 [main] PooledByteBufAllocator - -Dio.netty.allocator.chunkSize: 16777216
[DEBUG] 2022-07-29 10:17:53.540 [main] PooledByteBufAllocator - -Dio.netty.allocator.smallCacheSize: 256
[DEBUG] 2022-07-29 10:17:53.540 [main] PooledByteBufAllocator - -Dio.netty.allocator.normalCacheSize: 64
[DEBUG] 2022-07-29 10:17:53.541 [main] PooledByteBufAllocator - -Dio.netty.allocator.maxCachedBufferCapacity: 32768
[DEBUG] 2022-07-29 10:17:53.541 [main] PooledByteBufAllocator - -Dio.netty.allocator.cacheTrimInterval: 8192
[DEBUG] 2022-07-29 10:17:53.541 [main] PooledByteBufAllocator - -Dio.netty.allocator.cacheTrimIntervalMillis: 0
[DEBUG] 2022-07-29 10:17:53.541 [main] PooledByteBufAllocator - -Dio.netty.allocator.useCacheForAllThreads: true
[DEBUG] 2022-07-29 10:17:53.541 [main] PooledByteBufAllocator - -Dio.netty.allocator.maxCachedByteBuffersPerChunk: 1023
[DEBUG] 2022-07-29 10:17:53.558 [main] ByteBufUtil - -Dio.netty.allocator.type: pooled
[DEBUG] 2022-07-29 10:17:53.558 [main] ByteBufUtil - -Dio.netty.threadLocalDirectBufferSize: 0
[DEBUG] 2022-07-29 10:17:53.558 [main] ByteBufUtil - -Dio.netty.maxThreadLocalCharBufferSize: 16384
[DEBUG] 2022-07-29 10:17:55.748 [Forwarding newSession on session null to remote] DefaultChannelId - -Dio.netty.processId: 15604 (auto-detected)
[DEBUG] 2022-07-29 10:17:55.751 [Forwarding newSession on session null to remote] NetUtil - -Djava.net.preferIPv4Stack: false
[DEBUG] 2022-07-29 10:17:55.751 [Forwarding newSession on session null to remote] NetUtil - -Djava.net.preferIPv6Addresses: false
[DEBUG] 2022-07-29 10:17:56.342 [Forwarding newSession on session null to remote] NetUtilInitializations - Loopback interface: lo (Software Loopback Interface 1, 127.0.0.1)
[DEBUG] 2022-07-29 10:17:56.344 [Forwarding newSession on session null to remote] NetUtil - Failed to get SOMAXCONN from sysctl and file \proc\sys\net\core\somaxconn. Default: 200
[DEBUG] 2022-07-29 10:17:56.944 [Forwarding newSession on session null to remote] DefaultChannelId - -Dio.netty.machineId: 34:f3:9a:ff:fe:2f:e4:f0 (auto-detected)
[DEBUG] 2022-07-29 10:17:57.046 [AsyncHttpClient-1-2] AbstractByteBuf - -Dio.netty.buffer.checkAccessible: true
[DEBUG] 2022-07-29 10:17:57.047 [AsyncHttpClient-1-2] AbstractByteBuf - -Dio.netty.buffer.checkBounds: true
[DEBUG] 2022-07-29 10:17:57.047 [AsyncHttpClient-1-2] ResourceLeakDetectorFactory - Loaded default ResourceLeakDetector: io.netty.util.ResourceLeakDetector@c5a6bb
[DEBUG] 2022-07-29 10:17:57.088 [AsyncHttpClient-1-2] Recycler - -Dio.netty.recycler.maxCapacityPerThread: 4096
[DEBUG] 2022-07-29 10:17:57.088 [AsyncHttpClient-1-2] Recycler - -Dio.netty.recycler.maxSharedCapacityFactor: 2
[DEBUG] 2022-07-29 10:17:57.088 [AsyncHttpClient-1-2] Recycler - -Dio.netty.recycler.linkCapacity: 16
[DEBUG] 2022-07-29 10:17:57.088 [AsyncHttpClient-1-2] Recycler - -Dio.netty.recycler.ratio: 8
[DEBUG] 2022-07-29 10:17:57.088 [AsyncHttpClient-1-2] Recycler - -Dio.netty.recycler.delayedQueue.ratio: 8
[DEBUG] 2022-07-29 10:17:59.750 [AsyncHttpClient-1-2] Brotli - brotli4j not in the classpath; Brotli support will be unavailable.
[DEBUG] 2022-07-29 10:18:00.078 [main] ThreadLocalRandom - -Dio.netty.initialSeedUniquifier: 0x641bd614ab50760d
[DEBUG] 2022-07-29 13:04:12.267 [main] InternalLoggerFactory - Using Log4J2 as the default logging framework
[DEBUG] 2022-07-29 13:04:12.287 [main] ResourceLeakDetector - -Dio.netty.leakDetection.level: simple
[DEBUG] 2022-07-29 13:04:12.287 [main] ResourceLeakDetector - -Dio.netty.leakDetection.targetRecords: 4
[DEBUG] 2022-07-29 13:04:12.294 [main] ResourceLeakDetectorFactory - Loaded default ResourceLeakDetector: io.netty.util.ResourceLeakDetector@604b1e1d
[DEBUG] 2022-07-29 13:04:12.336 [main] PlatformDependent0 - -Dio.netty.noUnsafe: false
[DEBUG] 2022-07-29 13:04:12.336 [main] PlatformDependent0 - Java version: 18
[DEBUG] 2022-07-29 13:04:12.338 [main] PlatformDependent0 - sun.misc.Unsafe.theUnsafe: available
[DEBUG] 2022-07-29 13:04:12.339 [main] PlatformDependent0 - sun.misc.Unsafe.copyMemory: available
[DEBUG] 2022-07-29 13:04:12.340 [main] PlatformDependent0 - java.nio.Buffer.address: available
[DEBUG] 2022-07-29 13:04:12.341 [main] PlatformDependent0 - direct buffer constructor: unavailable
java.lang.UnsupportedOperationException: Reflective setAccessible(true) disabled
	at io.netty.util.internal.ReflectionUtil.trySetAccessible(ReflectionUtil.java:31) ~[netty-common-4.1.69.Final.jar:4.1.69.Final]
	at io.netty.util.internal.PlatformDependent0$4.run(PlatformDependent0.java:253) ~[netty-common-4.1.69.Final.jar:4.1.69.Final]
	at java.security.AccessController.doPrivileged(AccessController.java:318) ~[?:?]
	at io.netty.util.internal.PlatformDependent0.<clinit>(PlatformDependent0.java:247) ~[netty-common-4.1.69.Final.jar:4.1.69.Final]
	at io.netty.util.internal.PlatformDependent.isAndroid(PlatformDependent.java:294) ~[netty-common-4.1.69.Final.jar:4.1.69.Final]
	at io.netty.util.internal.PlatformDependent.<clinit>(PlatformDependent.java:88) ~[netty-common-4.1.69.Final.jar:4.1.69.Final]
	at io.netty.util.HashedWheelTimer.<init>(HashedWheelTimer.java:114) ~[netty-common-4.1.69.Final.jar:4.1.69.Final]
	at io.netty.util.HashedWheelTimer.<init>(HashedWheelTimer.java:251) ~[netty-common-4.1.69.Final.jar:4.1.69.Final]
	at io.netty.util.HashedWheelTimer.<init>(HashedWheelTimer.java:224) ~[netty-common-4.1.69.Final.jar:4.1.69.Final]
	at io.netty.util.HashedWheelTimer.<init>(HashedWheelTimer.java:203) ~[netty-common-4.1.69.Final.jar:4.1.69.Final]
	at org.asynchttpclient.DefaultAsyncHttpClient.newNettyTimer(DefaultAsyncHttpClient.java:111) ~[async-http-client-2.12.3.jar:?]
	at org.asynchttpclient.DefaultAsyncHttpClient.<init>(DefaultAsyncHttpClient.java:90) ~[async-http-client-2.12.3.jar:?]
	at org.asynchttpclient.Dsl.asyncHttpClient(Dsl.java:32) ~[async-http-client-2.12.3.jar:?]
	at org.openqa.selenium.remote.http.netty.NettyClient.createHttpClient(NettyClient.java:103) ~[selenium-remote-driver-4.1.0.jar:?]
	at org.openqa.selenium.remote.http.netty.NettyClient.<clinit>(NettyClient.java:50) ~[selenium-remote-driver-4.1.0.jar:?]
	at org.openqa.selenium.remote.http.netty.NettyClient$Factory.createClient(NettyClient.java:144) ~[selenium-remote-driver-4.1.0.jar:?]
	at org.openqa.selenium.remote.HttpCommandExecutor.<init>(HttpCommandExecutor.java:107) ~[selenium-remote-driver-4.1.0.jar:?]
	at org.openqa.selenium.remote.HttpCommandExecutor.<init>(HttpCommandExecutor.java:94) ~[selenium-remote-driver-4.1.0.jar:?]
	at org.openqa.selenium.remote.HttpCommandExecutor.<init>(HttpCommandExecutor.java:85) ~[selenium-remote-driver-4.1.0.jar:?]
	at org.openqa.selenium.remote.service.DriverCommandExecutor.<init>(DriverCommandExecutor.java:77) ~[selenium-remote-driver-4.1.0.jar:?]
	at org.openqa.selenium.chromium.ChromiumDriverCommandExecutor.<init>(ChromiumDriverCommandExecutor.java:35) ~[selenium-chromium-driver-4.1.0.jar:?]
	at org.openqa.selenium.chrome.ChromeDriver$ChromeDriverCommandExecutor.<init>(ChromeDriver.java:111) ~[selenium-chrome-driver-4.1.0.jar:?]
	at org.openqa.selenium.chrome.ChromeDriver.<init>(ChromeDriver.java:104) ~[selenium-chrome-driver-4.1.0.jar:?]
	at org.openqa.selenium.chrome.ChromeDriver.<init>(ChromeDriver.java:91) ~[selenium-chrome-driver-4.1.0.jar:?]
	at org.openqa.selenium.chrome.ChromeDriver.<init>(ChromeDriver.java:46) ~[selenium-chrome-driver-4.1.0.jar:?]
	at Listener.TestNGListenersDemo2.Test5(TestNGListenersDemo2.java:16) ~[test-classes/:?]
	at jdk.internal.reflect.DirectMethodHandleAccessor.invoke(DirectMethodHandleAccessor.java:104) ~[?:?]
	at java.lang.reflect.Method.invoke(Method.java:577) ~[?:?]
	at org.testng.internal.MethodInvocationHelper.invokeMethod(MethodInvocationHelper.java:133) ~[org.testng_7.4.0.r202105021533.jar:7.4.0]
	at org.testng.internal.TestInvoker.invokeMethod(TestInvoker.java:598) ~[org.testng_7.4.0.r202105021533.jar:7.4.0]
	at org.testng.internal.TestInvoker.invokeTestMethod(TestInvoker.java:173) ~[org.testng_7.4.0.r202105021533.jar:7.4.0]
	at org.testng.internal.MethodRunner.runInSequence(MethodRunner.java:46) ~[org.testng_7.4.0.r202105021533.jar:7.4.0]
	at org.testng.internal.TestInvoker$MethodInvocationAgent.invoke(TestInvoker.java:824) ~[org.testng_7.4.0.r202105021533.jar:7.4.0]
	at org.testng.internal.TestInvoker.invokeTestMethods(TestInvoker.java:146) ~[org.testng_7.4.0.r202105021533.jar:7.4.0]
	at org.testng.internal.TestMethodWorker.invokeTestMethods(TestMethodWorker.java:146) ~[org.testng_7.4.0.r202105021533.jar:7.4.0]
	at org.testng.internal.TestMethodWorker.run(TestMethodWorker.java:128) ~[org.testng_7.4.0.r202105021533.jar:7.4.0]
	at java.util.ArrayList.forEach(ArrayList.java:1511) ~[?:?]
	at org.testng.TestRunner.privateRun(TestRunner.java:794) ~[org.testng_7.4.0.r202105021533.jar:7.4.0]
	at org.testng.TestRunner.run(TestRunner.java:596) ~[org.testng_7.4.0.r202105021533.jar:7.4.0]
	at org.testng.SuiteRunner.runTest(SuiteRunner.java:377) ~[org.testng_7.4.0.r202105021533.jar:7.4.0]
	at org.testng.SuiteRunner.runSequentially(SuiteRunner.java:371) ~[org.testng_7.4.0.r202105021533.jar:7.4.0]
	at org.testng.SuiteRunner.privateRun(SuiteRunner.java:332) ~[org.testng_7.4.0.r202105021533.jar:7.4.0]
	at org.testng.SuiteRunner.run(SuiteRunner.java:276) ~[org.testng_7.4.0.r202105021533.jar:7.4.0]
	at org.testng.SuiteRunnerWorker.runSuite(SuiteRunnerWorker.java:53) ~[org.testng_7.4.0.r202105021533.jar:7.4.0]
	at org.testng.SuiteRunnerWorker.run(SuiteRunnerWorker.java:96) ~[org.testng_7.4.0.r202105021533.jar:7.4.0]
	at org.testng.TestNG.runSuitesSequentially(TestNG.java:1212) ~[org.testng_7.4.0.r202105021533.jar:7.4.0]
	at org.testng.TestNG.runSuitesLocally(TestNG.java:1134) ~[org.testng_7.4.0.r202105021533.jar:7.4.0]
	at org.testng.TestNG.runSuites(TestNG.java:1063) ~[org.testng_7.4.0.r202105021533.jar:7.4.0]
	at org.testng.TestNG.run(TestNG.java:1031) ~[org.testng_7.4.0.r202105021533.jar:7.4.0]
	at org.testng.remote.AbstractRemoteTestNG.run(AbstractRemoteTestNG.java:115) ~[testng-remote.jar:?]
	at org.testng.remote.RemoteTestNG.initAndRun(RemoteTestNG.java:251) ~[testng-remote.jar:?]
	at org.testng.remote.RemoteTestNG.main(RemoteTestNG.java:77) ~[testng-remote.jar:?]
[DEBUG] 2022-07-29 13:04:12.367 [main] PlatformDependent0 - java.nio.Bits.unaligned: available, true
[DEBUG] 2022-07-29 13:04:12.370 [main] PlatformDependent0 - jdk.internal.misc.Unsafe.allocateUninitializedArray(int): unavailable
java.lang.IllegalAccessException: class io.netty.util.internal.PlatformDependent0$6 cannot access class jdk.internal.misc.Unsafe (in module java.base) because module java.base does not export jdk.internal.misc to unnamed module @7ab2bfe1
	at jdk.internal.reflect.Reflection.newIllegalAccessException(Reflection.java:394) ~[?:?]
	at java.lang.reflect.AccessibleObject.checkAccess(AccessibleObject.java:674) ~[?:?]
	at java.lang.reflect.Method.invoke(Method.java:568) ~[?:?]
	at io.netty.util.internal.PlatformDependent0$6.run(PlatformDependent0.java:375) ~[netty-common-4.1.69.Final.jar:4.1.69.Final]
	at java.security.AccessController.doPrivileged(AccessController.java:318) ~[?:?]
	at io.netty.util.internal.PlatformDependent0.<clinit>(PlatformDependent0.java:366) ~[netty-common-4.1.69.Final.jar:4.1.69.Final]
	at io.netty.util.internal.PlatformDependent.isAndroid(PlatformDependent.java:294) ~[netty-common-4.1.69.Final.jar:4.1.69.Final]
	at io.netty.util.internal.PlatformDependent.<clinit>(PlatformDependent.java:88) ~[netty-common-4.1.69.Final.jar:4.1.69.Final]
	at io.netty.util.HashedWheelTimer.<init>(HashedWheelTimer.java:114) ~[netty-common-4.1.69.Final.jar:4.1.69.Final]
	at io.netty.util.HashedWheelTimer.<init>(HashedWheelTimer.java:251) ~[netty-common-4.1.69.Final.jar:4.1.69.Final]
	at io.netty.util.HashedWheelTimer.<init>(HashedWheelTimer.java:224) ~[netty-common-4.1.69.Final.jar:4.1.69.Final]
	at io.netty.util.HashedWheelTimer.<init>(HashedWheelTimer.java:203) ~[netty-common-4.1.69.Final.jar:4.1.69.Final]
	at org.asynchttpclient.DefaultAsyncHttpClient.newNettyTimer(DefaultAsyncHttpClient.java:111) ~[async-http-client-2.12.3.jar:?]
	at org.asynchttpclient.DefaultAsyncHttpClient.<init>(DefaultAsyncHttpClient.java:90) ~[async-http-client-2.12.3.jar:?]
	at org.asynchttpclient.Dsl.asyncHttpClient(Dsl.java:32) ~[async-http-client-2.12.3.jar:?]
	at org.openqa.selenium.remote.http.netty.NettyClient.createHttpClient(NettyClient.java:103) ~[selenium-remote-driver-4.1.0.jar:?]
	at org.openqa.selenium.remote.http.netty.NettyClient.<clinit>(NettyClient.java:50) ~[selenium-remote-driver-4.1.0.jar:?]
	at org.openqa.selenium.remote.http.netty.NettyClient$Factory.createClient(NettyClient.java:144) ~[selenium-remote-driver-4.1.0.jar:?]
	at org.openqa.selenium.remote.HttpCommandExecutor.<init>(HttpCommandExecutor.java:107) ~[selenium-remote-driver-4.1.0.jar:?]
	at org.openqa.selenium.remote.HttpCommandExecutor.<init>(HttpCommandExecutor.java:94) ~[selenium-remote-driver-4.1.0.jar:?]
	at org.openqa.selenium.remote.HttpCommandExecutor.<init>(HttpCommandExecutor.java:85) ~[selenium-remote-driver-4.1.0.jar:?]
	at org.openqa.selenium.remote.service.DriverCommandExecutor.<init>(DriverCommandExecutor.java:77) ~[selenium-remote-driver-4.1.0.jar:?]
	at org.openqa.selenium.chromium.ChromiumDriverCommandExecutor.<init>(ChromiumDriverCommandExecutor.java:35) ~[selenium-chromium-driver-4.1.0.jar:?]
	at org.openqa.selenium.chrome.ChromeDriver$ChromeDriverCommandExecutor.<init>(ChromeDriver.java:111) ~[selenium-chrome-driver-4.1.0.jar:?]
	at org.openqa.selenium.chrome.ChromeDriver.<init>(ChromeDriver.java:104) ~[selenium-chrome-driver-4.1.0.jar:?]
	at org.openqa.selenium.chrome.ChromeDriver.<init>(ChromeDriver.java:91) ~[selenium-chrome-driver-4.1.0.jar:?]
	at org.openqa.selenium.chrome.ChromeDriver.<init>(ChromeDriver.java:46) ~[selenium-chrome-driver-4.1.0.jar:?]
	at Listener.TestNGListenersDemo2.Test5(TestNGListenersDemo2.java:16) ~[test-classes/:?]
	at jdk.internal.reflect.DirectMethodHandleAccessor.invoke(DirectMethodHandleAccessor.java:104) ~[?:?]
	at java.lang.reflect.Method.invoke(Method.java:577) ~[?:?]
	at org.testng.internal.MethodInvocationHelper.invokeMethod(MethodInvocationHelper.java:133) ~[org.testng_7.4.0.r202105021533.jar:7.4.0]
	at org.testng.internal.TestInvoker.invokeMethod(TestInvoker.java:598) ~[org.testng_7.4.0.r202105021533.jar:7.4.0]
	at org.testng.internal.TestInvoker.invokeTestMethod(TestInvoker.java:173) ~[org.testng_7.4.0.r202105021533.jar:7.4.0]
	at org.testng.internal.MethodRunner.runInSequence(MethodRunner.java:46) ~[org.testng_7.4.0.r202105021533.jar:7.4.0]
	at org.testng.internal.TestInvoker$MethodInvocationAgent.invoke(TestInvoker.java:824) ~[org.testng_7.4.0.r202105021533.jar:7.4.0]
	at org.testng.internal.TestInvoker.invokeTestMethods(TestInvoker.java:146) ~[org.testng_7.4.0.r202105021533.jar:7.4.0]
	at org.testng.internal.TestMethodWorker.invokeTestMethods(TestMethodWorker.java:146) ~[org.testng_7.4.0.r202105021533.jar:7.4.0]
	at org.testng.internal.TestMethodWorker.run(TestMethodWorker.java:128) ~[org.testng_7.4.0.r202105021533.jar:7.4.0]
	at java.util.ArrayList.forEach(ArrayList.java:1511) ~[?:?]
	at org.testng.TestRunner.privateRun(TestRunner.java:794) ~[org.testng_7.4.0.r202105021533.jar:7.4.0]
	at org.testng.TestRunner.run(TestRunner.java:596) ~[org.testng_7.4.0.r202105021533.jar:7.4.0]
	at org.testng.SuiteRunner.runTest(SuiteRunner.java:377) ~[org.testng_7.4.0.r202105021533.jar:7.4.0]
	at org.testng.SuiteRunner.runSequentially(SuiteRunner.java:371) ~[org.testng_7.4.0.r202105021533.jar:7.4.0]
	at org.testng.SuiteRunner.privateRun(SuiteRunner.java:332) ~[org.testng_7.4.0.r202105021533.jar:7.4.0]
	at org.testng.SuiteRunner.run(SuiteRunner.java:276) ~[org.testng_7.4.0.r202105021533.jar:7.4.0]
	at org.testng.SuiteRunnerWorker.runSuite(SuiteRunnerWorker.java:53) ~[org.testng_7.4.0.r202105021533.jar:7.4.0]
	at org.testng.SuiteRunnerWorker.run(SuiteRunnerWorker.java:96) ~[org.testng_7.4.0.r202105021533.jar:7.4.0]
	at org.testng.TestNG.runSuitesSequentially(TestNG.java:1212) ~[org.testng_7.4.0.r202105021533.jar:7.4.0]
	at org.testng.TestNG.runSuitesLocally(TestNG.java:1134) ~[org.testng_7.4.0.r202105021533.jar:7.4.0]
	at org.testng.TestNG.runSuites(TestNG.java:1063) ~[org.testng_7.4.0.r202105021533.jar:7.4.0]
	at org.testng.TestNG.run(TestNG.java:1031) ~[org.testng_7.4.0.r202105021533.jar:7.4.0]
	at org.testng.remote.AbstractRemoteTestNG.run(AbstractRemoteTestNG.java:115) ~[testng-remote.jar:?]
	at org.testng.remote.RemoteTestNG.initAndRun(RemoteTestNG.java:251) ~[testng-remote.jar:?]
	at org.testng.remote.RemoteTestNG.main(RemoteTestNG.java:77) ~[testng-remote.jar:?]
[DEBUG] 2022-07-29 13:04:12.376 [main] PlatformDependent0 - java.nio.DirectByteBuffer.<init>(long, int): unavailable
[DEBUG] 2022-07-29 13:04:12.377 [main] PlatformDependent - sun.misc.Unsafe: available
[DEBUG] 2022-07-29 13:04:12.379 [main] PlatformDependent - maxDirectMemory: 2116026368 bytes (maybe)
[DEBUG] 2022-07-29 13:04:12.380 [main] PlatformDependent - -Dio.netty.tmpdir: C:\Users\hp\AppData\Local\Temp (java.io.tmpdir)
[DEBUG] 2022-07-29 13:04:12.380 [main] PlatformDependent - -Dio.netty.bitMode: 64 (sun.arch.data.model)
[DEBUG] 2022-07-29 13:04:12.381 [main] PlatformDependent - Platform: Windows
[DEBUG] 2022-07-29 13:04:12.382 [main] PlatformDependent - -Dio.netty.maxDirectMemory: -1 bytes
[DEBUG] 2022-07-29 13:04:12.382 [main] PlatformDependent - -Dio.netty.uninitializedArrayAllocationThreshold: -1
[DEBUG] 2022-07-29 13:04:12.386 [main] CleanerJava9 - java.nio.ByteBuffer.cleaner(): available
[DEBUG] 2022-07-29 13:04:12.386 [main] PlatformDependent - -Dio.netty.noPreferDirect: false
[DEBUG] 2022-07-29 13:04:12.403 [main] PlatformDependent - org.jctools-core.MpscChunkedArrayQueue: available
[DEBUG] 2022-07-29 13:04:12.446 [main] InternalThreadLocalMap - -Dio.netty.threadLocalMap.stringBuilder.initialSize: 1024
[DEBUG] 2022-07-29 13:04:12.446 [main] InternalThreadLocalMap - -Dio.netty.threadLocalMap.stringBuilder.maxSize: 4096
[DEBUG] 2022-07-29 13:04:12.471 [main] JdkSslContext - Default protocols (JDK): [TLSv1.3, TLSv1.2] 
[DEBUG] 2022-07-29 13:04:12.472 [main] JdkSslContext - Default cipher suites (JDK): [TLS_ECDHE_ECDSA_WITH_AES_256_GCM_SHA384, TLS_ECDHE_ECDSA_WITH_AES_128_GCM_SHA256, TLS_ECDHE_RSA_WITH_AES_128_GCM_SHA256, TLS_ECDHE_RSA_WITH_AES_256_GCM_SHA384, TLS_ECDHE_RSA_WITH_AES_128_CBC_SHA, TLS_ECDHE_RSA_WITH_AES_256_CBC_SHA, TLS_RSA_WITH_AES_128_GCM_SHA256, TLS_RSA_WITH_AES_128_CBC_SHA, TLS_RSA_WITH_AES_256_CBC_SHA, TLS_AES_128_GCM_SHA256, TLS_AES_256_GCM_SHA384]
[DEBUG] 2022-07-29 13:04:12.527 [main] MultithreadEventLoopGroup - -Dio.netty.eventLoopThreads: 8
[DEBUG] 2022-07-29 13:04:12.543 [main] NioEventLoop - -Dio.netty.noKeySetOptimization: false
[DEBUG] 2022-07-29 13:04:12.543 [main] NioEventLoop - -Dio.netty.selectorAutoRebuildThreshold: 512
[TRACE] 2022-07-29 13:04:12.560 [main] NioEventLoop - instrumented a special java.util.Set into: sun.nio.ch.WEPollSelectorImpl@472698d
[TRACE] 2022-07-29 13:04:12.563 [main] NioEventLoop - instrumented a special java.util.Set into: sun.nio.ch.WEPollSelectorImpl@76ddd61a
[TRACE] 2022-07-29 13:04:12.564 [main] NioEventLoop - instrumented a special java.util.Set into: sun.nio.ch.WEPollSelectorImpl@3f92a84e
[TRACE] 2022-07-29 13:04:12.565 [main] NioEventLoop - instrumented a special java.util.Set into: sun.nio.ch.WEPollSelectorImpl@cf67838
[TRACE] 2022-07-29 13:04:12.567 [main] NioEventLoop - instrumented a special java.util.Set into: sun.nio.ch.WEPollSelectorImpl@6137cf6e
[TRACE] 2022-07-29 13:04:12.568 [main] NioEventLoop - instrumented a special java.util.Set into: sun.nio.ch.WEPollSelectorImpl@7942a854
[TRACE] 2022-07-29 13:04:12.570 [main] NioEventLoop - instrumented a special java.util.Set into: sun.nio.ch.WEPollSelectorImpl@53b8afea
[TRACE] 2022-07-29 13:04:12.571 [main] NioEventLoop - instrumented a special java.util.Set into: sun.nio.ch.WEPollSelectorImpl@6c302a1d
[DEBUG] 2022-07-29 13:04:12.611 [main] PooledByteBufAllocator - -Dio.netty.allocator.numHeapArenas: 8
[DEBUG] 2022-07-29 13:04:12.611 [main] PooledByteBufAllocator - -Dio.netty.allocator.numDirectArenas: 8
[DEBUG] 2022-07-29 13:04:12.611 [main] PooledByteBufAllocator - -Dio.netty.allocator.pageSize: 8192
[DEBUG] 2022-07-29 13:04:12.612 [main] PooledByteBufAllocator - -Dio.netty.allocator.maxOrder: 11
[DEBUG] 2022-07-29 13:04:12.612 [main] PooledByteBufAllocator - -Dio.netty.allocator.chunkSize: 16777216
[DEBUG] 2022-07-29 13:04:12.612 [main] PooledByteBufAllocator - -Dio.netty.allocator.smallCacheSize: 256
[DEBUG] 2022-07-29 13:04:12.612 [main] PooledByteBufAllocator - -Dio.netty.allocator.normalCacheSize: 64
[DEBUG] 2022-07-29 13:04:12.612 [main] PooledByteBufAllocator - -Dio.netty.allocator.maxCachedBufferCapacity: 32768
[DEBUG] 2022-07-29 13:04:12.613 [main] PooledByteBufAllocator - -Dio.netty.allocator.cacheTrimInterval: 8192
[DEBUG] 2022-07-29 13:04:12.613 [main] PooledByteBufAllocator - -Dio.netty.allocator.cacheTrimIntervalMillis: 0
[DEBUG] 2022-07-29 13:04:12.613 [main] PooledByteBufAllocator - -Dio.netty.allocator.useCacheForAllThreads: true
[DEBUG] 2022-07-29 13:04:12.613 [main] PooledByteBufAllocator - -Dio.netty.allocator.maxCachedByteBuffersPerChunk: 1023
[DEBUG] 2022-07-29 13:04:12.640 [main] ByteBufUtil - -Dio.netty.allocator.type: pooled
[DEBUG] 2022-07-29 13:04:12.640 [main] ByteBufUtil - -Dio.netty.threadLocalDirectBufferSize: 0
[DEBUG] 2022-07-29 13:04:12.641 [main] ByteBufUtil - -Dio.netty.maxThreadLocalCharBufferSize: 16384
[DEBUG] 2022-07-29 13:04:13.867 [Forwarding newSession on session null to remote] DefaultChannelId - -Dio.netty.processId: 10256 (auto-detected)
[DEBUG] 2022-07-29 13:04:13.870 [Forwarding newSession on session null to remote] NetUtil - -Djava.net.preferIPv4Stack: false
[DEBUG] 2022-07-29 13:04:13.870 [Forwarding newSession on session null to remote] NetUtil - -Djava.net.preferIPv6Addresses: false
[DEBUG] 2022-07-29 13:04:13.887 [Forwarding newSession on session null to remote] NetUtilInitializations - Loopback interface: lo (Software Loopback Interface 1, 127.0.0.1)
[DEBUG] 2022-07-29 13:04:13.888 [Forwarding newSession on session null to remote] NetUtil - Failed to get SOMAXCONN from sysctl and file \proc\sys\net\core\somaxconn. Default: 200
[DEBUG] 2022-07-29 13:04:13.954 [Forwarding newSession on session null to remote] DefaultChannelId - -Dio.netty.machineId: 34:f3:9a:ff:fe:2f:e4:f0 (auto-detected)
[DEBUG] 2022-07-29 13:04:14.061 [AsyncHttpClient-1-2] AbstractByteBuf - -Dio.netty.buffer.checkAccessible: true
[DEBUG] 2022-07-29 13:04:14.062 [AsyncHttpClient-1-2] AbstractByteBuf - -Dio.netty.buffer.checkBounds: true
[DEBUG] 2022-07-29 13:04:14.062 [AsyncHttpClient-1-2] ResourceLeakDetectorFactory - Loaded default ResourceLeakDetector: io.netty.util.ResourceLeakDetector@43521342
[DEBUG] 2022-07-29 13:04:14.119 [AsyncHttpClient-1-2] Recycler - -Dio.netty.recycler.maxCapacityPerThread: 4096
[DEBUG] 2022-07-29 13:04:14.120 [AsyncHttpClient-1-2] Recycler - -Dio.netty.recycler.maxSharedCapacityFactor: 2
[DEBUG] 2022-07-29 13:04:14.120 [AsyncHttpClient-1-2] Recycler - -Dio.netty.recycler.linkCapacity: 16
[DEBUG] 2022-07-29 13:04:14.120 [AsyncHttpClient-1-2] Recycler - -Dio.netty.recycler.ratio: 8
[DEBUG] 2022-07-29 13:04:14.120 [AsyncHttpClient-1-2] Recycler - -Dio.netty.recycler.delayedQueue.ratio: 8
[DEBUG] 2022-07-29 13:04:16.077 [AsyncHttpClient-1-2] Brotli - brotli4j not in the classpath; Brotli support will be unavailable.
[DEBUG] 2022-07-29 13:04:16.276 [main] ThreadLocalRandom - -Dio.netty.initialSeedUniquifier: 0x81956daf7a59f5fd
